#
# A fatal error has been detected by the Java Runtime Environment:
#
#  Internal Error (jvmciRuntime.cpp:1609), pid=29, tid=44
#  fatal error: Fatal exception in JVMCI: Error calling jdk.vm.ci.services.Services.serializeSavedProperties
#
# JRE version: OpenJDK Runtime Environment GraalVM CE 22.3.0 (17.0.5+8) (build 17.0.5+8-jvmci-22.3-b08)
# Java VM: OpenJDK 64-Bit Server VM GraalVM CE 22.3.0 (17.0.5+8-jvmci-22.3-b08, mixed mode, sharing, tiered, jvmci, jvmci compiler, compressed oops, compressed class ptrs, parallel gc, linux-amd64)
# Problematic frame:
# V  [libjvm.so+0x972714]  JVMCIRuntime::fatal_exception(JVMCIEnv*, char const*)+0x74
#
# Core dump will be written. Default location: Core dumps may be processed with "/usr/share/apport/apport -p%p -s%s -c%c -d%d -P%P -u%u -g%g -- %E" (or dumping to /home/runner/test/core.29)
#
# If you would like to submit a bug report, please visit:
#   https://github.com/oracle/graal/issues
#

---------------  S U M M A R Y ------------

Command Line: -XX:ThreadPriorityPolicy=1 -XX:+UnlockExperimentalVMOptions -XX:+EnableJVMCIProduct -XX:JVMCIThreadsPerNativeLibraryRuntime=1 -XX:-UnlockExperimentalVMOptions -Declipse.application=org.eclipse.jdt.ls.core.id1 -Dosgi.bundles.defaultStartLevel=4 -Declipse.product=org.eclipse.jdt.ls.core.product -Dlog.level=ALL -Xverify:none -XX:+UseParallelGC -XX:GCTimeRatio=4 -XX:AdaptiveSizePolicyWeight=90 -Dsun.zip.disableMemoryMapping=true -Xmx512m -Xms100m /nix/store/m6gcpi1ii6rghy04cjwjddcavv7i90df-jdt-language-server-1.9.0/share/java/plugins/org.eclipse.equinox.launcher_1.6.400.v20210924-0641.jar --add-modules=ALL-SYSTEM --add-opens java.base/java.util=ALL-UNNAMED --add-opens java.base/java.lang=ALL-UNNAMED -configuration /home/runner/.cache/jdt-language-server/config -data /home/runner/.cache/jdt-language-server/data/home/runner/test

Host: AMD EPYC 7B12, 8 cores, 1G, Ubuntu 20.04.2 LTS
Time: Thu Mar  2 18:27:11 2023 UTC elapsed time: 837.829381 seconds (0d 0h 13m 57s)

---------------  T H R E A D  ---------------

Current thread (0x00007f03c40b21e0):  JavaThread "JVMCI-native CompilerThread0" daemon [_thread_in_vm, id=44, stack(0x00007f03a9700000,0x00007f03a9900000)]


Current CompileTask:
JVMCI-native: 837829 9793       4       java.lang.StringCoding::implEncodeAsciiArray (47 bytes)

Stack: [0x00007f03a9700000,0x00007f03a9900000],  sp=0x00007f03a98fe380,  free space=2040k
Native frames: (J=compiled Java code, j=interpreted, Vv=VM code, C=native code)
V  [libjvm.so+0x972714]  JVMCIRuntime::fatal_exception(JVMCIEnv*, char const*)+0x74
V  [libjvm.so+0x93e2fe]  JVMCIEnv::copy_saved_properties()+0x14e
V  [libjvm.so+0x9732a9]  JVMCIRuntime::initialize(JVMCIEnv*)+0xb19
V  [libjvm.so+0x9738a2]  JVMCIRuntime::get_HotSpotJVMCIRuntime(JVMCIEnv*)+0x12
V  [libjvm.so+0x9749f2]  JVMCIRuntime::compile_method(JVMCIEnv*, JVMCICompiler*, methodHandle const&, int)+0xd2
V  [libjvm.so+0x5b0d20]  CompileBroker::invoke_compiler_on_method(CompileTask*)+0x1470
V  [libjvm.so+0x5b12e8]  CompileBroker::compiler_thread_loop()+0x528
V  [libjvm.so+0xd82460]  JavaThread::thread_main_inner()+0xd0
V  [libjvm.so+0xd85a40]  Thread::call_run()+0xc0
V  [libjvm.so+0xbdb1e1]  thread_native_entry(Thread*)+0xe1

Register to memory mapping:

RAX=0x00007f03c943e000 points into unknown readable memory: 0x0000000000000058 | 58 00 00 00 00 00 00 00
RBX=0x00007f03ca539398: <offset 0x0000000000ef5398> in /nix/store/gpxl5qgg8kicmcvivwmybwjlpf7wh20l-graalvm17-ce-22.3.0/lib/server/libjvm.so at 0x00007f03c9644000
RCX=0x00007f03ca4f11e8: <offset 0x0000000000ead1e8> in /nix/store/gpxl5qgg8kicmcvivwmybwjlpf7wh20l-graalvm17-ce-22.3.0/lib/server/libjvm.so at 0x00007f03c9644000
RDX=0x0000000000000649 is an unknown value
RSP=0x00007f03a98fe380 is pointing into the stack for thread: 0x00007f03c40b21e0
RBP=0x00007f03a98fe3a0 is pointing into the stack for thread: 0x00007f03c40b21e0
RSI=0x00007f03ca539c48: <offset 0x0000000000ef5c48> in /nix/store/gpxl5qgg8kicmcvivwmybwjlpf7wh20l-graalvm17-ce-22.3.0/lib/server/libjvm.so at 0x00007f03c9644000
RDI=0x00000000e0000000 is an oop: [B 
{0x00000000e0000000} - klass: {type array byte}
 - length: 13
R8 =0x00007f03ca539398: <offset 0x0000000000ef5398> in /nix/store/gpxl5qgg8kicmcvivwmybwjlpf7wh20l-graalvm17-ce-22.3.0/lib/server/libjvm.so at 0x00007f03c9644000
R9 =0x00007f03a98fe330 is pointing into the stack for thread: 0x00007f03c40b21e0
R10=0x00007f03a98ff948 is pointing into the stack for thread: 0x00007f03c40b21e0
R11=0x0000000000000293 is an unknown value
R12=0x0 is NULL
R13=0x00007f03c40b21e0 is a thread
R14=0x00007f03c4000b80 points into unknown readable memory: 0x00007f03ca76aa38 | 38 aa 76 ca 03 7f 00 00
R15=0x00007f03ca878e40: <offset 0x0000000001234e40> in /nix/store/gpxl5qgg8kicmcvivwmybwjlpf7wh20l-graalvm17-ce-22.3.0/lib/server/libjvm.so at 0x00007f03c9644000


Registers:
RAX=0x00007f03c943e000, RBX=0x00007f03ca539398, RCX=0x00007f03ca4f11e8, RDX=0x0000000000000649
RSP=0x00007f03a98fe380, RBP=0x00007f03a98fe3a0, RSI=0x00007f03ca539c48, RDI=0x00000000e0000000
R8 =0x00007f03ca539398, R9 =0x00007f03a98fe330, R10=0x00007f03a98ff948, R11=0x0000000000000293
R12=0x0000000000000000, R13=0x00007f03c40b21e0, R14=0x00007f03c4000b80, R15=0x00007f03ca878e40
RIP=0x00007f03c9fb6714, EFLAGS=0x0000000000010206, CSGSFS=0x002b000000000033, ERR=0x0000000000000006
  TRAPNO=0x000000000000000e

Top of Stack: (sp=0x00007f03a98fe380)
0x00007f03a98fe380:   00007f03a98fe940 00007f03c40b21e0
0x00007f03a98fe390:   00007f03c8dcf8c8 0000000800c409d8
0x00007f03a98fe3a0:   00007f03a98fe500 00007f03c9f822fe
0x00007f03a98fe3b0:   00007f03a98fe3e0 00007f03a98fe440 

Instructions: (pc=0x00007f03c9fb6714)
0x00007f03c9fb6614:   30 e8 f6 cf e8 ff 4c 89 e7 e8 2e 48 d1 ff 84 db
0x00007f03c9fb6624:   75 2a 4d 85 ed 74 04 4d 8b 6d 00 48 83 c4 08 44
0x00007f03c9fb6634:   89 f9 4c 89 f2 4c 89 ee 5b 4c 89 e7 41 5c 41 5d
0x00007f03c9fb6644:   41 5e 41 5f 5d e9 e2 47 d1 ff 66 90 48 83 c4 08
0x00007f03c9fb6654:   5b 41 5c 41 5d 41 5e 41 5f 5d c3 90 31 d2 be 08
0x00007f03c9fb6664:   00 00 00 4c 89 ff e8 b1 78 a3 ff 49 89 c5 e9 37
0x00007f03c9fb6674:   ff ff ff 66 0f 1f 84 00 00 00 00 00 48 8b 7a 08
0x00007f03c9fb6684:   e9 6d ff ff ff 0f 1f 80 00 00 00 00 e8 5b 48 0a
0x00007f03c9fb6694:   00 84 c0 75 89 e9 6a ff ff ff 66 90 55 48 89 e5
0x00007f03c9fb66a4:   41 56 41 55 41 54 49 89 fc 53 48 89 f3 66 48 8d
0x00007f03c9fb66b4:   3d 27 5e 85 00 66 66 48 e8 df 43 8d ff 4c 8b 28
0x00007f03c9fb66c4:   8b 05 be 72 8a 00 85 c0 75 14 ba 01 00 00 00 48
0x00007f03c9fb66d4:   8d 0d ae 72 8a 00 f0 0f b1 11 85 c0 74 4e be c8
0x00007f03c9fb66e4:   00 00 00 4c 89 ef e8 01 0b 41 00 48 8d 05 12 ac
0x00007f03c9fb66f4:   85 00 49 89 d8 48 8d 0d e8 aa 53 00 ba 49 06 00
0x00007f03c9fb6704:   00 48 8d 35 3c 35 58 00 bf 00 00 00 e0 48 8b 00
0x00007f03c9fb6714:   c6 00 58 31 c0 e8 e2 91 c6 ff 5b 41 5c 41 5d 41
0x00007f03c9fb6724:   5e 5d e9 55 34 26 00 0f 1f 44 00 00 48 8d 05 81
0x00007f03c9fb6734:   a3 8b 00 48 89 df 4c 8b 30 e8 9e 43 8d ff 48 89
0x00007f03c9fb6744:   de 48 89 c2 49 8b 06 4c 89 f7 ff 50 08 4c 89 f7
0x00007f03c9fb6754:   e8 a7 5c 27 00 4d 85 e4 74 12 be 01 00 00 00 4c
0x00007f03c9fb6764:   89 e7 e8 35 43 fc ff eb 82 0f 1f 00 be 01 00 00
0x00007f03c9fb6774:   00 4c 89 ef e8 d3 fd ff ff e9 6d ff ff ff 66 66
0x00007f03c9fb6784:   2e 0f 1f 84 00 00 00 00 00 0f 1f 00 55 48 89 e5
0x00007f03c9fb6794:   41 57 41 56 41 55 41 54 53 48 81 ec 08 02 00 00
0x00007f03c9fb67a4:   64 48 8b 04 25 28 00 00 00 48 89 45 c8 8b 07 83
0x00007f03c9fb67b4:   f8 02 0f 84 11 04 00 00 4c 8b 6f 18 49 89 ff 49
0x00007f03c9fb67c4:   89 f4 4d 85 ed 74 14 4c 89 ef e8 5d 57 22 00 41
0x00007f03c9fb67d4:   8b 07 83 f8 02 0f 84 19 04 00 00 48 8d 1d 9a 06
0x00007f03c9fb67e4:   8a 00 4c 8d 35 0b 3c 58 00 eb 38 90 48 85 d2 7f
0x00007f03c9fb67f4:   0d 48 8d 05 b4 c0 85 00 48 83 38 00 7e 0e 41 8b
0x00007f03c9fb6804:   77 2c 4c 89 f7 31 c0 e8 a0 b2 f7 ff 49 8b 7f 18 


Stack slot to memory mapping:
stack at sp + 0 slots: 0x00007f03a98fe940 is pointing into the stack for thread: 0x00007f03c40b21e0
stack at sp + 1 slots: 0x00007f03c40b21e0 is a thread
stack at sp + 2 slots: 0x00007f03c8dcf8c8 points into unknown readable memory: 0x65730018e552ffff | ff ff 52 e5 18 00 73 65
stack at sp + 3 slots: 0x0000000800c409d8 is a pointer to class: 
jdk.vm.ci.services.Services {0x0000000800c409d8}
 - instance size:     2
 - klass size:        65
 - access:            public final synchronized 
 - state:             fully_initialized
 - name:              'jdk/vm/ci/services/Services'
 - super:             'java/lang/Object'
 - sub:               
 - arrays:            NULL
 - methods:           Array<T>(0x00007f03a9c3ee38)
 - method ordering:   Array<T>(0x0000000800928960)
 - default_methods:   Array<T>(0x0000000000000000)
 - local interfaces:  Array<T>(0x00000008005ce810)
 - trans. interfaces: Array<T>(0x00000008005ce810)
 - constants:         constant pool [427] {0x00007f03a9c3df18} for 'jdk/vm/ci/services/Services' cache=0x00007f03a9c40108
 - class loader data:  loader data: 0x00007f03c40283d0 of 'bootstrap'
 - source file:       'Services.java'
 - class annotations:       Array<T>(0x0000000000000000)
 - class type annotations:  Array<T>(0x0000000000000000)
 - field annotations:       Array<T>(0x0000000000000000)
 - field type annotations:  Array<T>(0x0000000000000000)
 - inner classes:     Array<T>(0x00007f03a9c400d8)
 - nest members:     Array<T>(0x00007f03a9c400f8)
 - permitted subclasses:     Array<T>(0x00000008005ce7a0)
 - java mirror:       a 'java/lang/Class'{0x00000000e017be20} = 'jdk/vm/ci/services/Services'
 - vtable length      5  (start addr: 0x0000000800c40ba8)
 - itable length      2 (start addr: 0x0000000800c40bd0)
 - ---- static fields (3 words):
 - public static final 'IS_BUILDING_NATIVE_IMAGE' 'Z' @128 
 - public static final 'IS_IN_NATIVE_IMAGE' 'Z' @129 
 - private static volatile 'savedProperties' 'Ljava/util/Map;' @112 
 - static final 'JVMCI_ENABLED' 'Z' @130 
 - private static final 'servicesCache' 'Ljava/util/Map;' @116 
 - private static final 'MAX_UNICODE_IN_UTF8_LENGTH' 'I' @120 
 - private static final 'MAX_UTF8_PROPERTY_STRING_LENGTH' 'I' @124 
 - ---- non-static fields (0 words):
 - non-static oop maps: 
stack at sp + 4 slots: 0x00007f03a98fe500 is pointing into the stack for thread: 0x00007f03c40b21e0
stack at sp + 5 slots: 0x00007f03c9f822fe: <offset 0x000000000093e2fe> in /nix/store/gpxl5qgg8kicmcvivwmybwjlpf7wh20l-graalvm17-ce-22.3.0/lib/server/libjvm.so at 0x00007f03c9644000
stack at sp + 6 slots: 0x00007f03a98fe3e0 is pointing into the stack for thread: 0x00007f03c40b21e0
stack at sp + 7 slots: 0x00007f03a98fe440 is pointing into the stack for thread: 0x00007f03c40b21e0


---------------  P R O C E S S  ---------------

Threads class SMR info:
_java_thread_list=0x00007f033c005db0, length=28, elements={
0x00007f03c4026670, 0x00007f03c40a64b0, 0x00007f03c40a78f0, 0x00007f03c40ae050,
0x00007f03c40af400, 0x00007f03c40b07f0, 0x00007f03c40b21e0, 0x00007f03c40b36f0,
0x00007f03c40b4b40, 0x00007f03c40d7b70, 0x00007f03c411f320, 0x00007f03c431a610,
0x00007f03c434dd30, 0x00007f03c4350610, 0x00007f03c437bb70, 0x00007f0358017150,
0x00007f03582b1f50, 0x00007f0358492140, 0x00007f0358627070, 0x00007f03c43c29d0,
0x00007f0330001130, 0x00007f033400a0f0, 0x00007f02ec001220, 0x00007f0354144f80,
0x00007f0354145780, 0x00007f033400efb0, 0x00007f03340135d0, 0x00007f033c001480
}

Java Threads: ( => current thread )
  0x00007f03c4026670 JavaThread "main" [_thread_blocked, id=36, stack(0x00007f03c945f000,0x00007f03c955f000)]
  0x00007f03c40a64b0 JavaThread "Reference Handler" daemon [_thread_blocked, id=39, stack(0x00007f03c8476000,0x00007f03c8576000)]
  0x00007f03c40a78f0 JavaThread "Finalizer" daemon [_thread_blocked, id=40, stack(0x00007f03c8376000,0x00007f03c8476000)]
  0x00007f03c40ae050 JavaThread "Signal Dispatcher" daemon [_thread_blocked, id=41, stack(0x00007f03a9b00000,0x00007f03a9c00000)]
  0x00007f03c40af400 JavaThread "Service Thread" daemon [_thread_blocked, id=42, stack(0x00007f03a9a00000,0x00007f03a9b00000)]
  0x00007f03c40b07f0 JavaThread "Monitor Deflation Thread" daemon [_thread_blocked, id=43, stack(0x00007f03a9900000,0x00007f03a9a00000)]
=>0x00007f03c40b21e0 JavaThread "JVMCI-native CompilerThread0" daemon [_thread_in_vm, id=44, stack(0x00007f03a9700000,0x00007f03a9900000)]
  0x00007f03c40b36f0 JavaThread "C1 CompilerThread0" daemon [_thread_blocked, id=45, stack(0x00007f03a9500000,0x00007f03a9700000)]
  0x00007f03c40b4b40 JavaThread "Sweeper thread" daemon [_thread_blocked, id=46, stack(0x00007f03a9400000,0x00007f03a9500000)]
  0x00007f03c40d7b70 JavaThread "Common-Cleaner" daemon [_thread_blocked, id=50, stack(0x00007f03a9300000,0x00007f03a9400000)]
  0x00007f03c411f320 JavaThread "Notification Thread" daemon [_thread_blocked, id=51, stack(0x00007f03a9200000,0x00007f03a9300000)]
  0x00007f03c431a610 JavaThread "Active Thread: Equinox Container: 28d10a99-0df0-4889-b249-eca52b4fd22f" [_thread_blocked, id=63, stack(0x00007f03a8e00000,0x00007f03a8f00000)]
  0x00007f03c434dd30 JavaThread "Framework Event Dispatcher: Equinox Container: 28d10a99-0df0-4889-b249-eca52b4fd22f" daemon [_thread_blocked, id=64, stack(0x00007f03a8c00000,0x00007f03a8d00000)]
  0x00007f03c4350610 JavaThread "Start Level: Equinox Container: 28d10a99-0df0-4889-b249-eca52b4fd22f" daemon [_thread_blocked, id=65, stack(0x00007f03a8a00000,0x00007f03a8b00000)]
  0x00007f03c437bb70 JavaThread "Refresh Thread: Equinox Container: 28d10a99-0df0-4889-b249-eca52b4fd22f" daemon [_thread_blocked, id=70, stack(0x00007f03a8800000,0x00007f03a8900000)]
  0x00007f0358017150 JavaThread "SCR Component Actor" daemon [_thread_blocked, id=75, stack(0x00007f03a8600000,0x00007f03a8700000)]
  0x00007f03582b1f50 JavaThread "Worker-JM" [_thread_blocked, id=85, stack(0x00007f03a8200000,0x00007f03a8300000)]
  0x00007f0358492140 JavaThread "Java indexing" daemon [_thread_blocked, id=88, stack(0x00007f0370700000,0x00007f0370800000)]
  0x00007f0358627070 JavaThread "Bundle File Closer" daemon [_thread_blocked, id=97, stack(0x00007f0370500000,0x00007f0370600000)]
  0x00007f03c43c29d0 JavaThread "pool-2-thread-1" [_thread_blocked, id=108, stack(0x00007f03a8400000,0x00007f03a8500000)]
  0x00007f0330001130 JavaThread "Worker-3: Validate documents" [_thread_blocked, id=117, stack(0x00007f036ff00000,0x00007f0370000000)]
  0x00007f033400a0f0 JavaThread "Worker-6: Periodic workspace save." [_thread_blocked, id=284, stack(0x00007f03a8d00000,0x00007f03a8e00000)]
  0x00007f02ec001220 JavaThread "pool-14-thread-1" [_thread_blocked, id=321, stack(0x00007f03a8700000,0x00007f03a8800000)]
  0x00007f0354144f80 JavaThread "Thread-31" [_thread_blocked, id=536, stack(0x00007f036fc00000,0x00007f036fd00000)]
  0x00007f0354145780 JavaThread "Thread-33" [_thread_blocked, id=775, stack(0x00007f03a8000000,0x00007f03a8100000)]
  0x00007f033400efb0 JavaThread "Worker-9: Compacting resource model" [_thread_blocked, id=780, stack(0x00007f036e700000,0x00007f036e800000)]
  0x00007f03340135d0 JavaThread "Worker-10" [_thread_blocked, id=1716, stack(0x00007f036eb00000,0x00007f036ec00000)]
  0x00007f033c001480 JavaThread "pool-3-thread-2" [_thread_blocked, id=2565, stack(0x00007f0370100000,0x00007f0370200000)]

Other Threads:
  0x00007f03c40a1bf0 VMThread "VM Thread" [stack: 0x00007f03c8578000,0x00007f03c8678000] [id=38] _threads_hazard_ptr=0x00007f033c005db0
  0x00007f03c4120cc0 WatcherThread [stack: 0x00007f03a9100000,0x00007f03a9200000] [id=52]
  0x00007f03c403df10 GCTaskThread "GC Thread#0" [stack: 0x00007f03c9022000,0x00007f03c9122000] [id=37]

Threads with active compile tasks:
JVMCI-native CompilerThread0   837980 9793       4       java.lang.StringCoding::implEncodeAsciiArray (47 bytes)

VM state: synchronizing (normal execution)

VM Mutex/Monitor currently owned by a thread:  ([mutex/lock_event])
[0x00007f03c4023820] Threads_lock - owner thread: 0x00007f03c40a1bf0
[0x00007f03c4023fd0] Heap_lock - owner thread: 0x00007f0330001130

OutOfMemory and StackOverflow Exception counts:
OutOfMemoryError java_heap_errors=6
LinkageErrors=63

Heap address: 0x00000000e0000000, size: 512 MB, Compressed Oops mode: 32-bit

CDS archive(s) mapped at: [0x0000000800000000-0x0000000800bc8000-0x0000000800bc8000), size 12353536, SharedBaseAddress: 0x0000000800000000, ArchiveRelocationMode: 0.
Compressed class space mapped at: 0x0000000800c00000-0x0000000840c00000, reserved size: 1073741824
Narrow klass base: 0x0000000800000000, Narrow klass shift: 0, Narrow klass range: 0x100000000

GC Precious Log:
 CPUs: 8 total, 1 available
 Memory: 1024M
 Large Page Support: Disabled
 NUMA Support: Disabled
 Compressed Oops: Enabled (32-bit)
 Alignments: Space 512K, Generation 512K, Heap 2M
 Heap Min Capacity: 100M
 Heap Initial Capacity: 100M
 Heap Max Capacity: 512M
 Pre-touch: Disabled
 Parallel Workers: 1

Heap:
 PSYoungGen      total 28672K, used 21504K [0x00000000f5580000, 0x00000000f7a00000, 0x0000000100000000)
  eden space 21504K, 100% used [0x00000000f5580000,0x00000000f6a80000,0x00000000f6a80000)
  from space 7168K, 0% used [0x00000000f6a80000,0x00000000f6a80000,0x00000000f7180000)
  to   space 6656K, 0% used [0x00000000f7200000,0x00000000f7200000,0x00000000f7880000)
 ParOldGen       total 349696K, used 349694K [0x00000000e0000000, 0x00000000f5580000, 0x00000000f5580000)
  object space 349696K, 99% used [0x00000000e0000000,0x00000000f557f8d8,0x00000000f5580000)
 Metaspace       used 59365K, committed 60160K, reserved 1105920K
  class space    used 5754K, committed 6080K, reserved 1048576K

Card table byte_map: [0x00007f03c9122000,0x00007f03c9223000] _byte_map_base: 0x00007f03c8a22000

Marking Bits: (ParMarkBitMap*) 0x00007f03ca8724c0
 Begin Bits: [0x00007f03aa4b3000, 0x00007f03aacb3000)
 End Bits:   [0x00007f03aacb3000, 0x00007f03ab4b3000)

Polling page: 0x00007f03c943c000

Metaspace:

Usage:
  Non-class:     52.35 MB used.
      Class:      5.62 MB used.
       Both:     57.97 MB used.

Virtual space:
  Non-class space:       56.00 MB reserved,      52.81 MB ( 94%) committed,  7 nodes.
      Class space:        1.00 GB reserved,       5.94 MB ( <1%) committed,  1 nodes.
             Both:        1.05 GB reserved,      58.75 MB (  5%) committed. 

Chunk freelists:
   Non-Class:  2.52 MB
       Class:  2.11 MB
        Both:  4.63 MB

MaxMetaspaceSize: unlimited
CompressedClassSpaceSize: 1.00 GB
Initial GC threshold: 21.00 MB
Current GC threshold: 97.81 MB
CDS: on
MetaspaceReclaimPolicy: balanced
 - commit_granule_bytes: 65536.
 - commit_granule_words: 8192.
 - virtual_space_node_default_size: 1048576.
 - enlarge_chunks_in_place: 1.
 - new_chunks_are_fully_committed: 0.
 - uncommit_free_chunks: 1.
 - use_allocation_guard: 0.
 - handle_deallocations: 1.


Internal statistics:

num_allocs_failed_limit: 8.
num_arena_births: 398.
num_arena_deaths: 86.
num_vsnodes_births: 8.
num_vsnodes_deaths: 0.
num_space_committed: 938.
num_space_uncommitted: 0.
num_chunks_returned_to_freelist: 121.
num_chunks_taken_from_freelist: 2661.
num_chunk_merges: 41.
num_chunk_splits: 1723.
num_chunks_enlarged: 1097.
num_purges: 12.
num_inconsistent_stats: 0.

CodeHeap 'non-profiled nmethods': size=120036Kb used=2533Kb max_used=2533Kb free=117502Kb
 bounds [0x00007f03b2f7a000, 0x00007f03b31fa000, 0x00007f03ba4b3000]
CodeHeap 'profiled nmethods': size=120032Kb used=17562Kb max_used=17562Kb free=102469Kb
 bounds [0x00007f03aba42000, 0x00007f03acb72000, 0x00007f03b2f7a000]
CodeHeap 'non-nmethods': size=5692Kb used=1389Kb max_used=1429Kb free=4302Kb
 bounds [0x00007f03ab4b3000, 0x00007f03ab723000, 0x00007f03aba42000]
 total_blobs=8396 nmethods=7677 adapters=621
 compilation: enabled
              stopped_count=0, restarted_count=0
 full_count=0

JVMCI Events (20 events):
Event: 355.609 Thread 0x00007f03c40b21e0 releasing handles for JVMCI runtime 0: oop handles=51, metadata handles={total=109, live=96, blocks=44}
Event: 355.609 Thread 0x00007f03c40b21e0 detached from JVMCI runtime 0
Event: 581.237 Thread 0x00007f03c40b21e0 attached to JVMCI runtime 0
Event: 581.239 Thread 0x00007f03c40b21e0 created JavaVM[4]@0x00007f036e19e340 for JVMCI runtime 0
Event: 583.176 Thread 0x00007f03c40b21e0 initializing JVMCI runtime 0
Event: 583.176 Thread 0x00007f03c40b21e0 done waiting for JavaVM references initialization in JVMCI runtime 0
Event: 656.174 Thread 0x00007f03c40b21e0 initialized JVMCI runtime 0
Event: 669.069 Thread 0x00007f03c40b21e0 compacted oop handles in JVMCI runtime 0 from 53 to 49
Event: 675.406 Thread 0x00007f03c40b21e0 compacted oop handles in JVMCI runtime 0 from 70 to 67
Event: 677.069 Thread 0x00007f03c40b21e0 detaching from JVMCI runtime 0: releasing idle compiler thread (0 other threads still attached)
Event: 677.069 Thread 0x00007f03c40b21e0 shutting down HotSpotJVMCIRuntime for JVMCI runtime 0
Event: 677.069 Thread 0x00007f03c40b21e0 shut down JVMCI runtime 0
Event: 677.071 Thread 0x00007f03c40b21e0 destroyed JavaVM[4]@0x00007f036e19e340 for JVMCI runtime 0
Event: 677.071 Thread 0x00007f03c40b21e0 compacted oop handles in JVMCI runtime 0 from 67 to 67
Event: 677.071 Thread 0x00007f03c40b21e0 releasing handles for JVMCI runtime 0: oop handles=67, metadata handles={total=140, live=133, blocks=44}
Event: 677.071 Thread 0x00007f03c40b21e0 detached from JVMCI runtime 0
Event: 748.384 Thread 0x00007f03c40b21e0 attached to JVMCI runtime 0
Event: 748.393 Thread 0x00007f03c40b21e0 created JavaVM[5]@0x00007f036e19e340 for JVMCI runtime 0
Event: 748.393 Thread 0x00007f03c40b21e0 initializing JVMCI runtime 0
Event: 748.393 Thread 0x00007f03c40b21e0 done waiting for JavaVM references initialization in JVMCI runtime 0

Compilation events (20 events):
Event: 331.068 Thread 0x00007f03c40b21e0 9783       4       org.eclipse.core.runtime.Path::makeAbsolute (69 bytes)
Event: 331.069 Thread 0x00007f03c40b36f0 nmethod 9782 0x00007f03acb66a10 code [0x00007f03acb66c60, 0x00007f03acb67da0]
Event: 337.566 Thread 0x00007f03c40b21e0 nmethod 9783 0x00007f03b31f0810 code [0x00007f03b31f09c0, 0x00007f03b31f0cf0]
Event: 337.566 Thread 0x00007f03c40b21e0 9784       4       org.eclipse.core.internal.resources.Resource::equals (66 bytes)
Event: 345.976 Thread 0x00007f03c40b21e0 nmethod 9784 0x00007f03b31f0f10 code [0x00007f03b31f1120, 0x00007f03b31f16e8]
Event: 458.203 Thread 0x00007f03c40b36f0 9787       1       java.lang.Thread::getPriority (5 bytes)
Event: 458.203 Thread 0x00007f03c40b36f0 nmethod 9787 0x00007f03b31f1e90 code [0x00007f03b31f2020, 0x00007f03b31f20f0]
Event: 581.237 Thread 0x00007f03c40b21e0 9788       4       java.lang.ref.Reference::enqueueFromPending (19 bytes)
Event: 669.069 Thread 0x00007f03c40b21e0 nmethod 9788 0x00007f03b31f2190 code [0x00007f03b31f2340, 0x00007f03b31f2750]
Event: 669.069 Thread 0x00007f03c40b21e0 9789       4       org.eclipse.jdt.internal.compiler.parser.Parser::isParsingModuleDeclaration (28 bytes)
Event: 673.614 Thread 0x00007f03c40b36f0 9790       3       org.eclipse.jdt.internal.compiler.ast.TypeReference::<init> (10 bytes)
Event: 675.391 Thread 0x00007f03c40b36f0 nmethod 9790 0x00007f03acb68110 code [0x00007f03acb682c0, 0x00007f03acb68570]
Event: 675.406 Thread 0x00007f03c40b21e0 nmethod 9789 0x00007f03b31f2990 code [0x00007f03b31f2b40, 0x00007f03b31f2e00]
Event: 704.069 Thread 0x00007f03c40b36f0 9791       1       java.lang.Thread::isDaemon (5 bytes)
Event: 704.069 Thread 0x00007f03c40b36f0 nmethod 9791 0x00007f03b31f3190 code [0x00007f03b31f3320, 0x00007f03b31f33f0]
Event: 743.394 Thread 0x00007f03c40b36f0 9792       3       java.util.concurrent.ThreadPoolExecutor::workerCountOf (5 bytes)
Event: 745.037 Thread 0x00007f03c40b36f0 nmethod 9792 0x00007f03acb68690 code [0x00007f03acb68820, 0x00007f03acb68910]
Event: 748.384 Thread 0x00007f03c40b21e0 9793       4       java.lang.StringCoding::implEncodeAsciiArray (47 bytes)
Event: 790.180 Thread 0x00007f03c40b36f0 9794       1       org.eclipse.osgi.internal.framework.EquinoxContainer::getStorage (5 bytes)
Event: 790.180 Thread 0x00007f03c40b36f0 nmethod 9794 0x00007f03b31f3490 code [0x00007f03b31f3620, 0x00007f03b31f36f0]

GC Heap History (20 events):
Event: 813.213 GC heap before
{Heap before GC invocations=525 (full 407):
 PSYoungGen      total 28672K, used 21503K [0x00000000f5580000, 0x00000000f7a00000, 0x0000000100000000)
  eden space 21504K, 99% used [0x00000000f5580000,0x00000000f6a7ffc0,0x00000000f6a80000)
  from space 7168K, 0% used [0x00000000f6a80000,0x00000000f6a80000,0x00000000f7180000)
  to   space 6656K, 0% used [0x00000000f7200000,0x00000000f7200000,0x00000000f7880000)
 ParOldGen       total 349696K, used 349695K [0x00000000e0000000, 0x00000000f5580000, 0x00000000f5580000)
  object space 349696K, 99% used [0x00000000e0000000,0x00000000f557fe28,0x00000000f5580000)
 Metaspace       used 59363K, committed 60160K, reserved 1105920K
  class space    used 5754K, committed 6080K, reserved 1048576K
}
Event: 815.614 GC heap after
{Heap after GC invocations=525 (full 407):
 PSYoungGen      total 28160K, used 21503K [0x00000000f5580000, 0x00000000f7a00000, 0x0000000100000000)
  eden space 21504K, 99% used [0x00000000f5580000,0x00000000f6a7ff78,0x00000000f6a80000)
  from space 6656K, 0% used [0x00000000f7200000,0x00000000f7200000,0x00000000f7880000)
  to   space 7168K, 0% used [0x00000000f6a80000,0x00000000f6a80000,0x00000000f7180000)
 ParOldGen       total 349696K, used 349695K [0x00000000e0000000, 0x00000000f5580000, 0x00000000f5580000)
  object space 349696K, 99% used [0x00000000e0000000,0x00000000f557fe28,0x00000000f5580000)
 Metaspace       used 59363K, committed 60160K, reserved 1105920K
  class space    used 5754K, committed 6080K, reserved 1048576K
}
Event: 815.619 GC heap before
{Heap before GC invocations=526 (full 408):
 PSYoungGen      total 28160K, used 21504K [0x00000000f5580000, 0x00000000f7a00000, 0x0000000100000000)
  eden space 21504K, 100% used [0x00000000f5580000,0x00000000f6a80000,0x00000000f6a80000)
  from space 6656K, 0% used [0x00000000f7200000,0x00000000f7200000,0x00000000f7880000)
  to   space 7168K, 0% used [0x00000000f6a80000,0x00000000f6a80000,0x00000000f7180000)
 ParOldGen       total 349696K, used 349695K [0x00000000e0000000, 0x00000000f5580000, 0x00000000f5580000)
  object space 349696K, 99% used [0x00000000e0000000,0x00000000f557fe28,0x00000000f5580000)
 Metaspace       used 59363K, committed 60160K, reserved 1105920K
  class space    used 5754K, committed 6080K, reserved 1048576K
}
Event: 818.777 GC heap after
{Heap after GC invocations=526 (full 408):
 PSYoungGen      total 28672K, used 21503K [0x00000000f5580000, 0x00000000f7a00000, 0x0000000100000000)
  eden space 21504K, 99% used [0x00000000f5580000,0x00000000f6a7ff68,0x00000000f6a80000)
  from space 7168K, 0% used [0x00000000f6a80000,0x00000000f6a80000,0x00000000f7180000)
  to   space 6656K, 0% used [0x00000000f7200000,0x00000000f7200000,0x00000000f7880000)
 ParOldGen       total 349696K, used 349695K [0x00000000e0000000, 0x00000000f5580000, 0x00000000f5580000)
  object space 349696K, 99% used [0x00000000e0000000,0x00000000f557fe10,0x00000000f5580000)
 Metaspace       used 59363K, committed 60160K, reserved 1105920K
  class space    used 5754K, committed 6080K, reserved 1048576K
}
Event: 818.778 GC heap before
{Heap before GC invocations=527 (full 409):
 PSYoungGen      total 28672K, used 21504K [0x00000000f5580000, 0x00000000f7a00000, 0x0000000100000000)
  eden space 21504K, 100% used [0x00000000f5580000,0x00000000f6a80000,0x00000000f6a80000)
  from space 7168K, 0% used [0x00000000f6a80000,0x00000000f6a80000,0x00000000f7180000)
  to   space 6656K, 0% used [0x00000000f7200000,0x00000000f7200000,0x00000000f7880000)
 ParOldGen       total 349696K, used 349695K [0x00000000e0000000, 0x00000000f5580000, 0x00000000f5580000)
  object space 349696K, 99% used [0x00000000e0000000,0x00000000f557fe10,0x00000000f5580000)
 Metaspace       used 59363K, committed 60160K, reserved 1105920K
  class space    used 5754K, committed 6080K, reserved 1048576K
}
Event: 821.781 GC heap after
{Heap after GC invocations=527 (full 409):
 PSYoungGen      total 28160K, used 21503K [0x00000000f5580000, 0x00000000f7a00000, 0x0000000100000000)
  eden space 21504K, 99% used [0x00000000f5580000,0x00000000f6a7ff70,0x00000000f6a80000)
  from space 6656K, 0% used [0x00000000f7200000,0x00000000f7200000,0x00000000f7880000)
  to   space 7168K, 0% used [0x00000000f6a80000,0x00000000f6a80000,0x00000000f7180000)
 ParOldGen       total 349696K, used 349695K [0x00000000e0000000, 0x00000000f5580000, 0x00000000f5580000)
  object space 349696K, 99% used [0x00000000e0000000,0x00000000f557fd90,0x00000000f5580000)
 Metaspace       used 59363K, committed 60160K, reserved 1105920K
  class space    used 5754K, committed 6080K, reserved 1048576K
}
Event: 821.782 GC heap before
{Heap before GC invocations=528 (full 410):
 PSYoungGen      total 28160K, used 21504K [0x00000000f5580000, 0x00000000f7a00000, 0x0000000100000000)
  eden space 21504K, 100% used [0x00000000f5580000,0x00000000f6a80000,0x00000000f6a80000)
  from space 6656K, 0% used [0x00000000f7200000,0x00000000f7200000,0x00000000f7880000)
  to   space 7168K, 0% used [0x00000000f6a80000,0x00000000f6a80000,0x00000000f7180000)
 ParOldGen       total 349696K, used 349695K [0x00000000e0000000, 0x00000000f5580000, 0x00000000f5580000)
  object space 349696K, 99% used [0x00000000e0000000,0x00000000f557fd90,0x00000000f5580000)
 Metaspace       used 59363K, committed 60160K, reserved 1105920K
  class space    used 5754K, committed 6080K, reserved 1048576K
}
Event: 824.275 GC heap after
{Heap after GC invocations=528 (full 410):
 PSYoungGen      total 28672K, used 21503K [0x00000000f5580000, 0x00000000f7a00000, 0x0000000100000000)
  eden space 21504K, 99% used [0x00000000f5580000,0x00000000f6a7ff70,0x00000000f6a80000)
  from space 7168K, 0% used [0x00000000f6a80000,0x00000000f6a80000,0x00000000f7180000)
  to   space 6656K, 0% used [0x00000000f7200000,0x00000000f7200000,0x00000000f7880000)
 ParOldGen       total 349696K, used 349695K [0x00000000e0000000, 0x00000000f5580000, 0x00000000f5580000)
  object space 349696K, 99% used [0x00000000e0000000,0x00000000f557fd78,0x00000000f5580000)
 Metaspace       used 59363K, committed 60160K, reserved 1105920K
  class space    used 5754K, committed 6080K, reserved 1048576K
}
Event: 824.275 GC heap before
{Heap before GC invocations=529 (full 411):
 PSYoungGen      total 28672K, used 21503K [0x00000000f5580000, 0x00000000f7a00000, 0x0000000100000000)
  eden space 21504K, 99% used [0x00000000f5580000,0x00000000f6a7ffe0,0x00000000f6a80000)
  from space 7168K, 0% used [0x00000000f6a80000,0x00000000f6a80000,0x00000000f7180000)
  to   space 6656K, 0% used [0x00000000f7200000,0x00000000f7200000,0x00000000f7880000)
 ParOldGen       total 349696K, used 349695K [0x00000000e0000000, 0x00000000f5580000, 0x00000000f5580000)
  object space 349696K, 99% used [0x00000000e0000000,0x00000000f557fd78,0x00000000f5580000)
 Metaspace       used 59363K, committed 60160K, reserved 1105920K
  class space    used 5754K, committed 6080K, reserved 1048576K
}
Event: 826.977 GC heap after
{Heap after GC invocations=529 (full 411):
 PSYoungGen      total 28160K, used 21503K [0x00000000f5580000, 0x00000000f7a00000, 0x0000000100000000)
  eden space 21504K, 99% used [0x00000000f5580000,0x00000000f6a7ffa8,0x00000000f6a80000)
  from space 6656K, 0% used [0x00000000f7200000,0x00000000f7200000,0x00000000f7880000)
  to   space 7168K, 0% used [0x00000000f6a80000,0x00000000f6a80000,0x00000000f7180000)
 ParOldGen       total 349696K, used 349695K [0x00000000e0000000, 0x00000000f5580000, 0x00000000f5580000)
  object space 349696K, 99% used [0x00000000e0000000,0x00000000f557fd78,0x00000000f5580000)
 Metaspace       used 59363K, committed 60160K, reserved 1105920K
  class space    used 5754K, committed 6080K, reserved 1048576K
}
Event: 826.977 GC heap before
{Heap before GC invocations=530 (full 412):
 PSYoungGen      total 28160K, used 21503K [0x00000000f5580000, 0x00000000f7a00000, 0x0000000100000000)
  eden space 21504K, 99% used [0x00000000f5580000,0x00000000f6a7ffa8,0x00000000f6a80000)
  from space 6656K, 0% used [0x00000000f7200000,0x00000000f7200000,0x00000000f7880000)
  to   space 7168K, 0% used [0x00000000f6a80000,0x00000000f6a80000,0x00000000f7180000)
 ParOldGen       total 349696K, used 349695K [0x00000000e0000000, 0x00000000f5580000, 0x00000000f5580000)
  object space 349696K, 99% used [0x00000000e0000000,0x00000000f557fd78,0x00000000f5580000)
 Metaspace       used 59363K, committed 60160K, reserved 1105920K
  class space    used 5754K, committed 6080K, reserved 1048576K
}
Event: 829.049 GC heap after
{Heap after GC invocations=530 (full 412):
 PSYoungGen      total 28672K, used 21503K [0x00000000f5580000, 0x00000000f7a00000, 0x0000000100000000)
  eden space 21504K, 99% used [0x00000000f5580000,0x00000000f6a7ffa8,0x00000000f6a80000)
  from space 7168K, 0% used [0x00000000f6a80000,0x00000000f6a80000,0x00000000f7180000)
  to   space 6656K, 0% used [0x00000000f7200000,0x00000000f7200000,0x00000000f7880000)
 ParOldGen       total 349696K, used 349695K [0x00000000e0000000, 0x00000000f5580000, 0x00000000f5580000)
  object space 349696K, 99% used [0x00000000e0000000,0x00000000f557fd78,0x00000000f5580000)
 Metaspace       used 59363K, committed 60160K, reserved 1105920K
  class space    used 5754K, committed 6080K, reserved 1048576K
}
Event: 829.052 GC heap before
{Heap before GC invocations=531 (full 413):
 PSYoungGen      total 28672K, used 21503K [0x00000000f5580000, 0x00000000f7a00000, 0x0000000100000000)
  eden space 21504K, 99% used [0x00000000f5580000,0x00000000f6a7ffa8,0x00000000f6a80000)
  from space 7168K, 0% used [0x00000000f6a80000,0x00000000f6a80000,0x00000000f7180000)
  to   space 6656K, 0% used [0x00000000f7200000,0x00000000f7200000,0x00000000f7880000)
 ParOldGen       total 349696K, used 349695K [0x00000000e0000000, 0x00000000f5580000, 0x00000000f5580000)
  object space 349696K, 99% used [0x00000000e0000000,0x00000000f557fd78,0x00000000f5580000)
 Metaspace       used 59363K, committed 60160K, reserved 1105920K
  class space    used 5754K, committed 6080K, reserved 1048576K
}
Event: 830.978 GC heap after
{Heap after GC invocations=531 (full 413):
 PSYoungGen      total 28160K, used 21503K [0x00000000f5580000, 0x00000000f7a00000, 0x0000000100000000)
  eden space 21504K, 99% used [0x00000000f5580000,0x00000000f6a7ffa8,0x00000000f6a80000)
  from space 6656K, 0% used [0x00000000f7200000,0x00000000f7200000,0x00000000f7880000)
  to   space 7168K, 0% used [0x00000000f6a80000,0x00000000f6a80000,0x00000000f7180000)
 ParOldGen       total 349696K, used 349695K [0x00000000e0000000, 0x00000000f5580000, 0x00000000f5580000)
  object space 349696K, 99% used [0x00000000e0000000,0x00000000f557fd78,0x00000000f5580000)
 Metaspace       used 59363K, committed 60160K, reserved 1105920K
  class space    used 5754K, committed 6080K, reserved 1048576K
}
Event: 830.978 GC heap before
{Heap before GC invocations=532 (full 414):
 PSYoungGen      total 28160K, used 21503K [0x00000000f5580000, 0x00000000f7a00000, 0x0000000100000000)
  eden space 21504K, 99% used [0x00000000f5580000,0x00000000f6a7ffa8,0x00000000f6a80000)
  from space 6656K, 0% used [0x00000000f7200000,0x00000000f7200000,0x00000000f7880000)
  to   space 7168K, 0% used [0x00000000f6a80000,0x00000000f6a80000,0x00000000f7180000)
 ParOldGen       total 349696K, used 349695K [0x00000000e0000000, 0x00000000f5580000, 0x00000000f5580000)
  object space 349696K, 99% used [0x00000000e0000000,0x00000000f557fd78,0x00000000f5580000)
 Metaspace       used 59363K, committed 60160K, reserved 1105920K
  class space    used 5754K, committed 6080K, reserved 1048576K
}
Event: 832.996 GC heap after
{Heap after GC invocations=532 (full 414):
 PSYoungGen      total 28672K, used 21503K [0x00000000f5580000, 0x00000000f7a00000, 0x0000000100000000)
  eden space 21504K, 99% used [0x00000000f5580000,0x00000000f6a7ffa8,0x00000000f6a80000)
  from space 7168K, 0% used [0x00000000f6a80000,0x00000000f6a80000,0x00000000f7180000)
  to   space 6656K, 0% used [0x00000000f7200000,0x00000000f7200000,0x00000000f7880000)
 ParOldGen       total 349696K, used 349695K [0x00000000e0000000, 0x00000000f5580000, 0x00000000f5580000)
  object space 349696K, 99% used [0x00000000e0000000,0x00000000f557fd78,0x00000000f5580000)
 Metaspace       used 59363K, committed 60160K, reserved 1105920K
  class space    used 5754K, committed 6080K, reserved 1048576K
}
Event: 833.001 GC heap before
{Heap before GC invocations=533 (full 415):
 PSYoungGen      total 28672K, used 21503K [0x00000000f5580000, 0x00000000f7a00000, 0x0000000100000000)
  eden space 21504K, 99% used [0x00000000f5580000,0x00000000f6a7fff8,0x00000000f6a80000)
  from space 7168K, 0% used [0x00000000f6a80000,0x00000000f6a80000,0x00000000f7180000)
  to   space 6656K, 0% used [0x00000000f7200000,0x00000000f7200000,0x00000000f7880000)
 ParOldGen       total 349696K, used 349695K [0x00000000e0000000, 0x00000000f5580000, 0x00000000f5580000)
  object space 349696K, 99% used [0x00000000e0000000,0x00000000f557fff0,0x00000000f5580000)
 Metaspace       used 59365K, committed 60160K, reserved 1105920K
  class space    used 5754K, committed 6080K, reserved 1048576K
}
Event: 835.009 GC heap after
{Heap after GC invocations=533 (full 415):
 PSYoungGen      total 28160K, used 21503K [0x00000000f5580000, 0x00000000f7a00000, 0x0000000100000000)
  eden space 21504K, 99% used [0x00000000f5580000,0x00000000f6a7ff20,0x00000000f6a80000)
  from space 6656K, 0% used [0x00000000f7200000,0x00000000f7200000,0x00000000f7880000)
  to   space 7168K, 0% used [0x00000000f6a80000,0x00000000f6a80000,0x00000000f7180000)
 ParOldGen       total 349696K, used 349693K [0x00000000e0000000, 0x00000000f5580000, 0x00000000f5580000)
  object space 349696K, 99% used [0x00000000e0000000,0x00000000f557f5a8,0x00000000f5580000)
 Metaspace       used 59365K, committed 60160K, reserved 1105920K
  class space    used 5754K, committed 6080K, reserved 1048576K
}
Event: 835.009 GC heap before
{Heap before GC invocations=534 (full 416):
 PSYoungGen      total 28160K, used 21503K [0x00000000f5580000, 0x00000000f7a00000, 0x0000000100000000)
  eden space 21504K, 99% used [0x00000000f5580000,0x00000000f6a7ff20,0x00000000f6a80000)
  from space 6656K, 0% used [0x00000000f7200000,0x00000000f7200000,0x00000000f7880000)
  to   space 7168K, 0% used [0x00000000f6a80000,0x00000000f6a80000,0x00000000f7180000)
 ParOldGen       total 349696K, used 349693K [0x00000000e0000000, 0x00000000f5580000, 0x00000000f5580000)
  object space 349696K, 99% used [0x00000000e0000000,0x00000000f557f5a8,0x00000000f5580000)
 Metaspace       used 59365K, committed 60160K, reserved 1105920K
  class space    used 5754K, committed 6080K, reserved 1048576K
}
Event: 837.775 GC heap after
{Heap after GC invocations=534 (full 416):
 PSYoungGen      total 28672K, used 21503K [0x00000000f5580000, 0x00000000f7a00000, 0x0000000100000000)
  eden space 21504K, 99% used [0x00000000f5580000,0x00000000f6a7ff20,0x00000000f6a80000)
  from space 7168K, 0% used [0x00000000f6a80000,0x00000000f6a80000,0x00000000f7180000)
  to   space 6656K, 0% used [0x00000000f7200000,0x00000000f7200000,0x00000000f7880000)
 ParOldGen       total 349696K, used 349693K [0x00000000e0000000, 0x00000000f5580000, 0x00000000f5580000)
  object space 349696K, 99% used [0x00000000e0000000,0x00000000f557f5a8,0x00000000f5580000)
 Metaspace       used 59365K, committed 60160K, reserved 1105920K
  class space    used 5754K, committed 6080K, reserved 1048576K
}

Dll operation events (9 events):
Event: 0.002 Loaded shared library /nix/store/gpxl5qgg8kicmcvivwmybwjlpf7wh20l-graalvm17-ce-22.3.0/lib/libjava.so
Event: 0.008 Loaded shared library /nix/store/gpxl5qgg8kicmcvivwmybwjlpf7wh20l-graalvm17-ce-22.3.0/lib/libjsvml.so
Event: 0.316 Loaded shared library /nix/store/gpxl5qgg8kicmcvivwmybwjlpf7wh20l-graalvm17-ce-22.3.0/lib/libnio.so
Event: 0.326 Loaded shared library /nix/store/gpxl5qgg8kicmcvivwmybwjlpf7wh20l-graalvm17-ce-22.3.0/lib/libjvmcicompiler.so
Event: 0.364 Loaded shared library /nix/store/gpxl5qgg8kicmcvivwmybwjlpf7wh20l-graalvm17-ce-22.3.0/lib/libzip.so
Event: 0.807 Loaded shared library /nix/store/gpxl5qgg8kicmcvivwmybwjlpf7wh20l-graalvm17-ce-22.3.0/lib/libjimage.so
Event: 1.405 Loaded shared library /nix/store/gpxl5qgg8kicmcvivwmybwjlpf7wh20l-graalvm17-ce-22.3.0/lib/libnet.so
Event: 5.467 Loaded shared library /home/runner/.cache/jdt-language-server/config/org.eclipse.equinox.launcher/org.eclipse.equinox.launcher.gtk.linux.x86_64_1.2.400.v20211117-0650/eclipse_11600.so
Event: 17.763 Loaded shared library /nix/store/gpxl5qgg8kicmcvivwmybwjlpf7wh20l-graalvm17-ce-22.3.0/lib/libextnet.so

Deoptimization events (20 events):
Event: 173.187 Thread 0x00007f0358492140 DEOPT PACKING pc=0x00007f03b314f381 sp=0x00007f03707fe4a0
Event: 173.187 Thread 0x00007f0358492140 DEOPT UNPACKING pc=0x00007f03ab505325 sp=0x00007f03707fd930 mode 3
Event: 187.432 Thread 0x00007f0330001130 DEOPT PACKING pc=0x00007f03abcd5cf3 sp=0x00007f036fffdce0
Event: 187.432 Thread 0x00007f0330001130 DEOPT UNPACKING pc=0x00007f03ab505325 sp=0x00007f036fffd1b0 mode 0
Event: 271.243 Thread 0x00007f03c40b21e0 DEOPT PACKING pc=0x00007f03abadb40c sp=0x00007f03a98fdef0
Event: 271.243 Thread 0x00007f03c40b21e0 DEOPT UNPACKING pc=0x00007f03ab505325 sp=0x00007f03a98fd458 mode 0
Event: 314.024 Thread 0x00007f033400efb0 DEOPT PACKING pc=0x00007f03ac25d2ee sp=0x00007f036e7fe390
Event: 314.024 Thread 0x00007f033400efb0 DEOPT UNPACKING pc=0x00007f03ab505325 sp=0x00007f036e7fd838 mode 0
Event: 481.902 Thread 0x00007f0330001130 Uncommon trap: trap_request=0xffffffcd fr.pc=0x00007f03b31e2ae6 relative=0x00000000000000a6
Event: 481.902 Thread 0x00007f0330001130 Uncommon trap: reason=intrinsic_or_type_checked_inlining action=reinterpret pc=0x00007f03b31e2ae6 method=org.eclipse.jdt.internal.core.JavaElement.getJavaProject()Lorg/eclipse/jdt/core/IJavaProject; @ 0 jvmci
Event: 481.902 Thread 0x00007f0330001130 DEOPT PACKING pc=0x00007f03b31e2ae6 sp=0x00007f036fffe290
Event: 481.902 Thread 0x00007f0330001130 DEOPT UNPACKING pc=0x00007f03ab505325 sp=0x00007f036fffd738 mode 3
Event: 549.587 Thread 0x00007f0330001130 Uncommon trap: trap_request=0xffffffcd fr.pc=0x00007f03b31e7afb relative=0x000000000000007b
Event: 549.587 Thread 0x00007f0330001130 Uncommon trap: reason=intrinsic_or_type_checked_inlining action=reinterpret pc=0x00007f03b31e7afb method=org.eclipse.jdt.internal.core.PackageFragmentRoot.getPath()Lorg/eclipse/core/runtime/IPath; @ 0 jvmci
Event: 549.587 Thread 0x00007f0330001130 DEOPT PACKING pc=0x00007f03b31e7afb sp=0x00007f036fffe030
Event: 549.587 Thread 0x00007f0330001130 DEOPT UNPACKING pc=0x00007f03ab505325 sp=0x00007f036fffd4d8 mode 3
Event: 829.050 Thread 0x00007f03c447e630 Uncommon trap: trap_request=0xffffff8f fr.pc=0x00007f03b2fbb87a relative=0x000000000000025a
Event: 829.050 Thread 0x00007f03c447e630 Uncommon trap: reason=constraint action=none pc=0x00007f03b2fbb87a method=java.io.ByteArrayOutputStream.ensureCapacity(I)V @ 0 jvmci
Event: 829.050 Thread 0x00007f03c447e630 DEOPT PACKING pc=0x00007f03b2fbb87a sp=0x00007f03703fe260
Event: 829.050 Thread 0x00007f03c447e630 DEOPT UNPACKING pc=0x00007f03ab505325 sp=0x00007f03703fd6f8 mode 3

Classes unloaded (20 events):
Event: 162.295 Thread 0x00007f03c40a1bf0 Unloading class 0x0000000801085000 'jdk/internal/reflect/GeneratedSerializationConstructorAccessor3'
Event: 162.295 Thread 0x00007f03c40a1bf0 Unloading class 0x0000000801084c00 'jdk/internal/reflect/GeneratedSerializationConstructorAccessor2'
Event: 162.295 Thread 0x00007f03c40a1bf0 Unloading class 0x0000000801084800 'jdk/internal/reflect/GeneratedSerializationConstructorAccessor1'
Event: 162.295 Thread 0x00007f03c40a1bf0 Unloading class 0x0000000801055000 'java/lang/invoke/LambdaForm$MH+0x0000000801055000'
Event: 162.295 Thread 0x00007f03c40a1bf0 Unloading class 0x0000000801054c00 'java/lang/invoke/LambdaForm$MH+0x0000000801054c00'
Event: 162.295 Thread 0x00007f03c40a1bf0 Unloading class 0x0000000801054800 'java/lang/invoke/LambdaForm$MH+0x0000000801054800'
Event: 162.295 Thread 0x00007f03c40a1bf0 Unloading class 0x0000000801054400 'java/lang/invoke/LambdaForm$MH+0x0000000801054400'
Event: 162.295 Thread 0x00007f03c40a1bf0 Unloading class 0x0000000801054000 'java/lang/invoke/LambdaForm$MH+0x0000000801054000'
Event: 162.295 Thread 0x00007f03c40a1bf0 Unloading class 0x000000080104a400 'java/lang/invoke/LambdaForm$MH+0x000000080104a400'
Event: 162.295 Thread 0x00007f03c40a1bf0 Unloading class 0x0000000800f20000 'jdk/internal/reflect/GeneratedConstructorAccessor15'
Event: 162.295 Thread 0x00007f03c40a1bf0 Unloading class 0x0000000800f19000 'jdk/internal/reflect/GeneratedConstructorAccessor12'
Event: 162.295 Thread 0x00007f03c40a1bf0 Unloading class 0x0000000800f18c00 'jdk/internal/reflect/GeneratedConstructorAccessor11'
Event: 162.295 Thread 0x00007f03c40a1bf0 Unloading class 0x0000000800f18800 'jdk/internal/reflect/GeneratedConstructorAccessor10'
Event: 162.295 Thread 0x00007f03c40a1bf0 Unloading class 0x0000000800d98400 'java/lang/invoke/LambdaForm$MH+0x0000000800d98400'
Event: 162.295 Thread 0x00007f03c40a1bf0 Unloading class 0x0000000800d04000 'java/lang/invoke/LambdaForm$MH+0x0000000800d04000'
Event: 570.418 Thread 0x00007f03c40a1bf0 Unloading class 0x00000008011d9000 'jdk/internal/reflect/GeneratedConstructorAccessor41'
Event: 580.778 Thread 0x00007f03c40a1bf0 Unloading class 0x0000000800f20000 'jdk/internal/reflect/GeneratedConstructorAccessor44'
Event: 580.778 Thread 0x00007f03c40a1bf0 Unloading class 0x000000080104a400 'jdk/internal/reflect/GeneratedConstructorAccessor43'
Event: 580.778 Thread 0x00007f03c40a1bf0 Unloading class 0x0000000801055000 'jdk/internal/reflect/GeneratedConstructorAccessor42'
Event: 606.016 Thread 0x00007f03c40a1bf0 Unloading class 0x0000000800f19000 'jdk/internal/reflect/GeneratedConstructorAccessor45'

Classes redefined (0 events):
No events

Internal exceptions (20 events):
Event: 181.825 Thread 0x00007f0330001130 Exception <a 'sun/nio/fs/UnixException'{0x00000000f6a769c8}> (0x00000000f6a769c8) 
thrown [src/hotspot/share/prims/jni.cpp, line 516]
Event: 181.826 Thread 0x00007f0330001130 Exception <a 'sun/nio/fs/UnixException'{0x00000000f6a7a660}> (0x00000000f6a7a660) 
thrown [src/hotspot/share/prims/jni.cpp, line 516]
Event: 181.826 Thread 0x00007f0330001130 Exception <a 'sun/nio/fs/UnixException'{0x00000000f6a7b670}> (0x00000000f6a7b670) 
thrown [src/hotspot/share/prims/jni.cpp, line 516]
Event: 185.397 Thread 0x00007f0330001130 Exception <a 'sun/nio/fs/UnixException'{0x00000000f6a71a60}> (0x00000000f6a71a60) 
thrown [src/hotspot/share/prims/jni.cpp, line 516]
Event: 185.398 Thread 0x00007f0330001130 Exception <a 'sun/nio/fs/UnixException'{0x00000000f6a78b88}> (0x00000000f6a78b88) 
thrown [src/hotspot/share/prims/jni.cpp, line 516]
Event: 185.398 Thread 0x00007f0330001130 Exception <a 'sun/nio/fs/UnixException'{0x00000000f6a7cb58}> (0x00000000f6a7cb58) 
thrown [src/hotspot/share/prims/jni.cpp, line 516]
Event: 185.398 Thread 0x00007f0330001130 Exception <a 'sun/nio/fs/UnixException'{0x00000000f6a7d910}> (0x00000000f6a7d910) 
thrown [src/hotspot/share/prims/jni.cpp, line 516]
Event: 187.429 Thread 0x00007f0330001130 Exception <a 'sun/nio/fs/UnixException'{0x00000000f69d77b0}> (0x00000000f69d77b0) 
thrown [src/hotspot/share/prims/jni.cpp, line 516]
Event: 187.429 Thread 0x00007f0330001130 Exception <a 'sun/nio/fs/UnixException'{0x00000000f69db6b8}> (0x00000000f69db6b8) 
thrown [src/hotspot/share/prims/jni.cpp, line 516]
Event: 187.429 Thread 0x00007f0330001130 Exception <a 'sun/nio/fs/UnixException'{0x00000000f69dc488}> (0x00000000f69dc488) 
thrown [src/hotspot/share/prims/jni.cpp, line 516]
Event: 200.187 Thread 0x00007f0330001130 Exception <a 'sun/nio/fs/UnixException'{0x00000000f6a71320}> (0x00000000f6a71320) 
thrown [src/hotspot/share/prims/jni.cpp, line 516]
Event: 200.187 Thread 0x00007f0330001130 Exception <a 'sun/nio/fs/UnixException'{0x00000000f6a71ca8}> (0x00000000f6a71ca8) 
thrown [src/hotspot/share/prims/jni.cpp, line 516]
Event: 200.188 Thread 0x00007f0330001130 Exception <a 'sun/nio/fs/UnixException'{0x00000000f6a72ad0}> (0x00000000f6a72ad0) 
thrown [src/hotspot/share/prims/jni.cpp, line 516]
Event: 296.787 Thread 0x00007f0330001130 Exception <a 'sun/nio/fs/UnixException'{0x00000000f5566578}> (0x00000000f5566578) 
thrown [src/hotspot/share/prims/jni.cpp, line 516]
Event: 690.871 Thread 0x00007f03c447e630 Exception <a 'java/lang/OutOfMemoryError'{0x00000000e000f8a8}> (0x00000000e000f8a8) 
thrown [src/hotspot/share/gc/shared/memAllocator.cpp, line 136]
Event: 694.708 Thread 0x00007f0330001130 Exception <a 'java/lang/OutOfMemoryError'{0x00000000e000fe98}> (0x00000000e000fe98) 
thrown [src/hotspot/share/gc/shared/memAllocator.cpp, line 136]
Event: 829.050 Thread 0x00007f03c447e630 Exception <a 'java/lang/OutOfMemoryError'{0x00000000e000fb78}> (0x00000000e000fb78) 
thrown [src/hotspot/share/gc/shared/memAllocator.cpp, line 138]
Event: 829.050 Thread 0x00007f03c447e630 Implicit null exception at 0x00007f03b2fbb7d3 to 0x00007f03b2fbb85f
Event: 832.997 Thread 0x00007f03c447e630 Exception <a 'java/lang/OutOfMemoryError'{0x00000000e000fe98}> (0x00000000e000fe98) 
thrown [src/hotspot/share/gc/shared/memAllocator.cpp, line 136]
Event: 837.775 Thread 0x00007f03c40b21e0 Exception <a 'java/lang/OutOfMemoryError'{0x00000000e000fbc8}> (0x00000000e000fbc8) 
thrown [src/hotspot/share/gc/shared/memAllocator.cpp, line 136]

VM Operations (20 events):
Event: 801.875 Executing VM operation: ParallelGCFailedAllocation
Event: 803.950 Executing VM operation: ParallelGCFailedAllocation done
Event: 803.950 Executing VM operation: ParallelGCFailedAllocation
Event: 809.874 Executing VM operation: ParallelGCFailedAllocation done
Event: 809.875 Executing VM operation: ParallelGCFailedAllocation
Event: 813.209 Executing VM operation: ParallelGCFailedAllocation done
Event: 813.209 Executing VM operation: ParallelGCFailedAllocation
Event: 815.614 Executing VM operation: ParallelGCFailedAllocation done
Event: 815.615 Executing VM operation: ParallelGCFailedAllocation
Event: 818.777 Executing VM operation: ParallelGCFailedAllocation done
Event: 818.778 Executing VM operation: ParallelGCFailedAllocation
Event: 821.782 Executing VM operation: ParallelGCFailedAllocation done
Event: 821.782 Executing VM operation: ParallelGCFailedAllocation
Event: 824.275 Executing VM operation: ParallelGCFailedAllocation done
Event: 824.275 Executing VM operation: ParallelGCFailedAllocation
Event: 829.049 Executing VM operation: ParallelGCFailedAllocation done
Event: 829.052 Executing VM operation: ParallelGCFailedAllocation
Event: 832.997 Executing VM operation: ParallelGCFailedAllocation done
Event: 832.998 Executing VM operation: ParallelGCFailedAllocation
Event: 837.775 Executing VM operation: ParallelGCFailedAllocation done

Events (20 events):
Event: 166.570 Thread 0x00007f0354145780 Thread added: 0x00007f0354145780
Event: 166.571 Protecting memory [0x00007f036e700000,0x00007f036e704000] with protection modes 0
Event: 180.006 Thread 0x00007f0354145780 Thread exited: 0x00007f0354145780
Event: 185.399 Thread 0x00007f03583154f0 Thread exited: 0x00007f03583154f0
Event: 189.372 Thread 0x00007f0354145780 Thread added: 0x00007f0354145780
Event: 189.373 Protecting memory [0x00007f03a8000000,0x00007f03a8004000] with protection modes 0
Event: 190.986 Thread 0x00007f033400efb0 Thread added: 0x00007f033400efb0
Event: 190.987 Protecting memory [0x00007f036e700000,0x00007f036e704000] with protection modes 0
Event: 261.170 Thread 0x00007f03400712d0 Thread exited: 0x00007f03400712d0
Event: 458.203 Thread 0x00007f03340135d0 Thread added: 0x00007f03340135d0
Event: 458.203 Protecting memory [0x00007f036eb00000,0x00007f036eb04000] with protection modes 0
Event: 704.069 Thread 0x00007f033c001480 Thread added: 0x00007f033c001480
Event: 704.069 Protecting memory [0x00007f0370100000,0x00007f0370104000] with protection modes 0
Event: 746.664 loading class java/lang/Throwable$WrappedPrintStream
Event: 746.664 loading class java/lang/Throwable$PrintStreamOrWriter
Event: 748.384 loading class java/lang/Throwable$PrintStreamOrWriter done
Event: 748.384 loading class java/lang/Throwable$WrappedPrintStream done
Event: 832.997 loading class java/io/InterruptedIOException
Event: 832.997 loading class java/io/InterruptedIOException done
Event: 832.997 Thread 0x00007f03c447e630 Thread exited: 0x00007f03c447e630


Dynamic libraries:
e0000000-f5580000 rw-p 00000000 00:00 0 
f5580000-f7a00000 rw-p 00000000 00:00 0 
f7a00000-100000000 ---p 00000000 00:00 0 
800000000-800449000 rw-p 00001000 00:f33 4611686019135357769             /nix/store/gpxl5qgg8kicmcvivwmybwjlpf7wh20l-graalvm17-ce-22.3.0/lib/server/classes.jsa
800449000-800bc8000 r--p 0044a000 00:f33 4611686019135357769             /nix/store/gpxl5qgg8kicmcvivwmybwjlpf7wh20l-graalvm17-ce-22.3.0/lib/server/classes.jsa
800bc8000-800c00000 ---p 00000000 00:00 0 
800c00000-800c20000 rw-p 00000000 00:00 0 
800c20000-800c40000 rw-p 00000000 00:00 0 
800c40000-800cc0000 rw-p 00000000 00:00 0 
800cc0000-800d00000 rw-p 00000000 00:00 0 
800d00000-800dc0000 rw-p 00000000 00:00 0 
800dc0000-800e00000 rw-p 00000000 00:00 0 
800e00000-800f40000 rw-p 00000000 00:00 0 
800f40000-800f80000 rw-p 00000000 00:00 0 
800f80000-800fc0000 rw-p 00000000 00:00 0 
800fc0000-801000000 rw-p 00000000 00:00 0 
801000000-8011f0000 rw-p 00000000 00:00 0 
8011f0000-840c00000 ---p 00000000 00:00 0 
559cd22ba000-559cd22bb000 r-xp 00000000 00:f33 4611686019099417844       /nix/store/gpxl5qgg8kicmcvivwmybwjlpf7wh20l-graalvm17-ce-22.3.0/bin/.java-wrapped
559cd22bc000-559cd22bd000 r--p 00001000 00:f33 4611686019099417844       /nix/store/gpxl5qgg8kicmcvivwmybwjlpf7wh20l-graalvm17-ce-22.3.0/bin/.java-wrapped
559cd22bd000-559cd22be000 rw-p 00002000 00:f33 4611686019099417844       /nix/store/gpxl5qgg8kicmcvivwmybwjlpf7wh20l-graalvm17-ce-22.3.0/bin/.java-wrapped
559cd22be000-559cd22bf000 rw-p 00004000 00:f33 4611686019099417844       /nix/store/gpxl5qgg8kicmcvivwmybwjlpf7wh20l-graalvm17-ce-22.3.0/bin/.java-wrapped
559cd22bf000-559cd22c0000 rw-p 00005000 00:f33 4611686019099417844       /nix/store/gpxl5qgg8kicmcvivwmybwjlpf7wh20l-graalvm17-ce-22.3.0/bin/.java-wrapped
559cd330f000-559cd3357000 rw-p 00000000 00:00 0                          [heap]
7f02d8000000-7f02d8021000 rw-p 00000000 00:00 0 
7f02d8021000-7f02dc000000 ---p 00000000 00:00 0 
7f02dc000000-7f02dc021000 rw-p 00000000 00:00 0 
7f02dc021000-7f02e0000000 ---p 00000000 00:00 0 
7f02e0000000-7f02e0021000 rw-p 00000000 00:00 0 
7f02e0021000-7f02e4000000 ---p 00000000 00:00 0 
7f02e4000000-7f02e4021000 rw-p 00000000 00:00 0 
7f02e4021000-7f02e8000000 ---p 00000000 00:00 0 
7f02e8000000-7f02e8021000 rw-p 00000000 00:00 0 
7f02e8021000-7f02ec000000 ---p 00000000 00:00 0 
7f02ec000000-7f02ec021000 rw-p 00000000 00:00 0 
7f02ec021000-7f02f0000000 ---p 00000000 00:00 0 
7f02f0000000-7f02f0021000 rw-p 00000000 00:00 0 
7f02f0021000-7f02f4000000 ---p 00000000 00:00 0 
7f02f4000000-7f02f4038000 rw-p 00000000 00:00 0 
7f02f4038000-7f02f8000000 ---p 00000000 00:00 0 
7f02f8000000-7f02f8021000 rw-p 00000000 00:00 0 
7f02f8021000-7f02fc000000 ---p 00000000 00:00 0 
7f02fc000000-7f02fc021000 rw-p 00000000 00:00 0 
7f02fc021000-7f0300000000 ---p 00000000 00:00 0 
7f0300000000-7f0300021000 rw-p 00000000 00:00 0 
7f0300021000-7f0304000000 ---p 00000000 00:00 0 
7f0304000000-7f0304021000 rw-p 00000000 00:00 0 
7f0304021000-7f0308000000 ---p 00000000 00:00 0 
7f0308000000-7f0308021000 rw-p 00000000 00:00 0 
7f0308021000-7f030c000000 ---p 00000000 00:00 0 
7f030c000000-7f030c021000 rw-p 00000000 00:00 0 
7f030c021000-7f0310000000 ---p 00000000 00:00 0 
7f0310000000-7f031007c000 rw-p 00000000 00:00 0 
7f031007c000-7f0314000000 ---p 00000000 00:00 0 
7f03164b3000-7f0320000000 r--s 00000000 00:f33 4611686019135192581       /nix/store/gpxl5qgg8kicmcvivwmybwjlpf7wh20l-graalvm17-ce-22.3.0/lib/modules
7f0320000000-7f0320212000 rw-p 00000000 00:00 0 
7f0320212000-7f0324000000 ---p 00000000 00:00 0 
7f0324000000-7f0324029000 rw-p 00000000 00:00 0 
7f0324029000-7f0328000000 ---p 00000000 00:00 0 
7f0328000000-7f03280d3000 rw-p 00000000 00:00 0 
7f03280d3000-7f032c000000 ---p 00000000 00:00 0 
7f032d400000-7f032d700000 rw-p 00000000 00:00 0 
7f032d700000-7f032d740000 rw-p 00000000 00:00 0 
7f032d740000-7f032d800000 ---p 00000000 00:00 0 
7f032d800000-7f032d990000 rw-p 00000000 00:00 0 
7f032d990000-7f032dc00000 ---p 00000000 00:00 0 
7f032e800000-7f032e8a0000 rw-p 00000000 00:00 0 
7f032e8a0000-7f032f000000 rw-p 00000000 00:00 0 
7f032f000000-7f032f300000 rw-p 00000000 00:00 0 
7f032f300000-7f032f400000 rw-p 00000000 00:00 0 
7f032f400000-7f032f800000 rw-p 00000000 00:00 0 
7f032f800000-7f032f900000 rw-p 00000000 00:00 0 
7f032f900000-7f032fa00000 rw-p 00000000 00:00 0 
7f032fa00000-7f032fb00000 rw-p 00000000 00:00 0 
7f032fb00000-7f032fd00000 rw-p 00000000 00:00 0 
7f032fd00000-7f032fdc0000 rw-p 00000000 00:00 0 
7f032fdc0000-7f032ff00000 rw-p 00000000 00:00 0 
7f032ff00000-7f0330000000 rw-p 00000000 00:00 0 
7f0330000000-7f0330170000 rw-p 00000000 00:00 0 
7f0330170000-7f0334000000 ---p 00000000 00:00 0 
7f0334000000-7f0334021000 rw-p 00000000 00:00 0 
7f0334021000-7f0338000000 ---p 00000000 00:00 0 
7f0338000000-7f0338021000 rw-p 00000000 00:00 0 
7f0338021000-7f033c000000 ---p 00000000 00:00 0 
7f033c000000-7f033c021000 rw-p 00000000 00:00 0 
7f033c021000-7f0340000000 ---p 00000000 00:00 0 
7f0340000000-7f03400be000 rw-p 00000000 00:00 0 
7f03400be000-7f0344000000 ---p 00000000 00:00 0 
7f0344000000-7f0344061000 rw-p 00000000 00:00 0 
7f0344061000-7f0348000000 ---p 00000000 00:00 0 
7f0348000000-7f0348021000 rw-p 00000000 00:00 0 
7f0348021000-7f034c000000 ---p 00000000 00:00 0 
7f034c000000-7f034c308000 rw-p 00000000 00:00 0 
7f034c308000-7f0350000000 ---p 00000000 00:00 0 
7f0350000000-7f0350021000 rw-p 00000000 00:00 0 
7f0350021000-7f0354000000 ---p 00000000 00:00 0 
7f0354000000-7f0354188000 rw-p 00000000 00:00 0 
7f0354188000-7f0358000000 ---p 00000000 00:00 0 
7f0358000000-7f03588c3000 rw-p 00000000 00:00 0 
7f03588c3000-7f035c000000 ---p 00000000 00:00 0 
7f035c000000-7f035c026000 rw-p 00000000 00:00 0 
7f035c026000-7f0360000000 ---p 00000000 00:00 0 
7f0360000000-7f0360021000 rw-p 00000000 00:00 0 
7f0360021000-7f0364000000 ---p 00000000 00:00 0 
7f0364000000-7f0364021000 rw-p 00000000 00:00 0 
7f0364021000-7f0368000000 ---p 00000000 00:00 0 
7f0368000000-7f0368057000 rw-p 00000000 00:00 0 
7f0368057000-7f036c000000 ---p 00000000 00:00 0 
7f036c000000-7f036c100000 rw-p 00000000 00:00 0 
7f036c100000-7f036c200000 rw-p 00000000 00:00 0 
7f036c200000-7f036c800000 rw-p 00000000 00:00 0 
7f036c800000-7f036c900000 rw-p 00000000 00:00 0 
7f036c900000-7f036ca00000 rw-p 00000000 00:00 0 
7f036ca00000-7f036cd00000 rw-p 00000000 00:00 0 
7f036cd00000-7f036ce00000 rw-p 00000000 00:00 0 
7f036ce00000-7f036d000000 rw-p 00000000 00:00 0 
7f036d200000-7f036d210000 r-xp 00000000 00:35e 355                       /home/runner/.cache/jdt-language-server/config/org.eclipse.equinox.launcher/org.eclipse.equinox.launcher.gtk.linux.x86_64_1.2.400.v20211117-0650/eclipse_11600.so
7f036d210000-7f036d40f000 ---p 00010000 00:35e 355                       /home/runner/.cache/jdt-language-server/config/org.eclipse.equinox.launcher/org.eclipse.equinox.launcher.gtk.linux.x86_64_1.2.400.v20211117-0650/eclipse_11600.so
7f036d40f000-7f036d410000 r--p 0000f000 00:35e 355                       /home/runner/.cache/jdt-language-server/config/org.eclipse.equinox.launcher/org.eclipse.equinox.launcher.gtk.linux.x86_64_1.2.400.v20211117-0650/eclipse_11600.so
7f036d410000-7f036d411000 rw-p 00010000 00:35e 355                       /home/runner/.cache/jdt-language-server/config/org.eclipse.equinox.launcher/org.eclipse.equinox.launcher.gtk.linux.x86_64_1.2.400.v20211117-0650/eclipse_11600.so
7f036d500000-7f036d600000 ---p 00000000 00:00 0 
7f036d600000-7f036dbaf000 r--p 01122000 00:f33 4611686019135190040       /nix/store/gpxl5qgg8kicmcvivwmybwjlpf7wh20l-graalvm17-ce-22.3.0/lib/libjvmcicompiler.so
7f036dbaf000-7f036dd00000 r--p 00000000 00:00 0 
7f036dd00000-7f036dd3d000 rw-p 00000000 00:00 0 
7f036dd3d000-7f036e25d000 rw-p 0185f000 00:f33 4611686019135190040       /nix/store/gpxl5qgg8kicmcvivwmybwjlpf7wh20l-graalvm17-ce-22.3.0/lib/libjvmcicompiler.so
7f036e25d000-7f036e644000 r--p 01d7f000 00:f33 4611686019135190040       /nix/store/gpxl5qgg8kicmcvivwmybwjlpf7wh20l-graalvm17-ce-22.3.0/lib/libjvmcicompiler.so
7f036e700000-7f036e704000 ---p 00000000 00:00 0 
7f036e704000-7f036e800000 rw-p 00000000 00:00 0 
7f036e900000-7f036e904000 ---p 00000000 00:00 0 
7f036e904000-7f036ea00000 rw-p 00000000 00:00 0 
7f036eb00000-7f036eb04000 ---p 00000000 00:00 0 
7f036eb04000-7f036ec00000 rw-p 00000000 00:00 0 
7f036ed00000-7f036ed04000 ---p 00000000 00:00 0 
7f036ed04000-7f036ee00000 rw-p 00000000 00:00 0 
7f036ee00000-7f036ee04000 ---p 00000000 00:00 0 
7f036ee04000-7f036ef00000 rw-p 00000000 00:00 0 
7f036ef00000-7f036ef04000 ---p 00000000 00:00 0 
7f036ef04000-7f036f000000 rw-p 00000000 00:00 0 
7f036f100000-7f036f104000 ---p 00000000 00:00 0 
7f036f104000-7f036f200000 rw-p 00000000 00:00 0 
7f036f200000-7f036f204000 ---p 00000000 00:00 0 
7f036f204000-7f036f300000 rw-p 00000000 00:00 0 
7f036f300000-7f036f304000 ---p 00000000 00:00 0 
7f036f304000-7f036f400000 rw-p 00000000 00:00 0 
7f036f500000-7f036f504000 ---p 00000000 00:00 0 
7f036f504000-7f036f600000 rw-p 00000000 00:00 0 
7f036f600000-7f036f604000 ---p 00000000 00:00 0 
7f036f604000-7f036f700000 rw-p 00000000 00:00 0 
7f036f700000-7f036f704000 ---p 00000000 00:00 0 
7f036f704000-7f036f800000 rw-p 00000000 00:00 0 
7f036f800000-7f036f804000 ---p 00000000 00:00 0 
7f036f804000-7f036f900000 rw-p 00000000 00:00 0 
7f036f900000-7f036f904000 ---p 00000000 00:00 0 
7f036f904000-7f036fa00000 rw-p 00000000 00:00 0 
7f036fb00000-7f036fb04000 ---p 00000000 00:00 0 
7f036fb04000-7f036fc00000 rw-p 00000000 00:00 0 
7f036fc00000-7f036fc04000 ---p 00000000 00:00 0 
7f036fc04000-7f036fd00000 rw-p 00000000 00:00 0 
7f036fd00000-7f036fd04000 ---p 00000000 00:00 0 
7f036fd04000-7f036fe00000 rw-p 00000000 00:00 0 
7f036ff00000-7f036ff04000 ---p 00000000 00:00 0 
7f036ff04000-7f0370000000 rw-p 00000000 00:00 0 
7f0370000000-7f0370004000 ---p 00000000 00:00 0 
7f0370004000-7f0370100000 rw-p 00000000 00:00 0 
7f0370100000-7f0370104000 ---p 00000000 00:00 0 
7f0370104000-7f0370200000 rw-p 00000000 00:00 0 
7f0370200000-7f0370204000 ---p 00000000 00:00 0 
7f0370204000-7f0370300000 rw-p 00000000 00:00 0 
7f0370300000-7f0370304000 ---p 00000000 00:00 0 
7f0370304000-7f0370400000 rw-p 00000000 00:00 0 
7f0370400000-7f0370404000 ---p 00000000 00:00 0 
7f0370404000-7f0370500000 rw-p 00000000 00:00 0 
7f0370500000-7f0370504000 ---p 00000000 00:00 0 
7f0370504000-7f0370600000 rw-p 00000000 00:00 0 
7f0370700000-7f0370704000 ---p 00000000 00:00 0 
7f0370704000-7f0370800000 rw-p 00000000 00:00 0 
7f0370800000-7f0370804000 ---p 00000000 00:00 0 
7f0370804000-7f0370900000 rw-p 00000000 00:00 0 
7f0370900000-7f0370904000 ---p 00000000 00:00 0 
7f0370904000-7f0370a00000 rw-p 00000000 00:00 0 
7f03717a9000-7f0371b00000 rw-p 00000000 00:00 0 
7f0371c00000-7f0373d6a000 r-xp 00000000 00:f33 4611686019135190040       /nix/store/gpxl5qgg8kicmcvivwmybwjlpf7wh20l-graalvm17-ce-22.3.0/lib/libjvmcicompiler.so
7f0373d6a000-7f0373f69000 ---p 0216a000 00:f33 4611686019135190040       /nix/store/gpxl5qgg8kicmcvivwmybwjlpf7wh20l-graalvm17-ce-22.3.0/lib/libjvmcicompiler.so
7f0373f69000-7f0373f6a000 r--p 02169000 00:f33 4611686019135190040       /nix/store/gpxl5qgg8kicmcvivwmybwjlpf7wh20l-graalvm17-ce-22.3.0/lib/libjvmcicompiler.so
7f0373f6a000-7f0373f6c000 rw-p 0216a000 00:f33 4611686019135190040       /nix/store/gpxl5qgg8kicmcvivwmybwjlpf7wh20l-graalvm17-ce-22.3.0/lib/libjvmcicompiler.so
7f0373f6c000-7f0373f6d000 rw-p 00000000 00:00 0 
7f0373f6d000-7f0373f72000 rw-p 023c3000 00:f33 4611686019135190040       /nix/store/gpxl5qgg8kicmcvivwmybwjlpf7wh20l-graalvm17-ce-22.3.0/lib/libjvmcicompiler.so
7f0374000000-7f0374021000 rw-p 00000000 00:00 0 
7f0374021000-7f0378000000 ---p 00000000 00:00 0 
7f0378000000-7f0378021000 rw-p 00000000 00:00 0 
7f0378021000-7f037c000000 ---p 00000000 00:00 0 
7f037c000000-7f037c021000 rw-p 00000000 00:00 0 
7f037c021000-7f0380000000 ---p 00000000 00:00 0 
7f0380000000-7f0380021000 rw-p 00000000 00:00 0 
7f0380021000-7f0384000000 ---p 00000000 00:00 0 
7f0384000000-7f03840d9000 rw-p 00000000 00:00 0 
7f03840d9000-7f0388000000 ---p 00000000 00:00 0 
7f0388000000-7f0388a51000 rw-p 00000000 00:00 0 
7f0388a51000-7f038c000000 ---p 00000000 00:00 0 
7f038c000000-7f038c021000 rw-p 00000000 00:00 0 
7f038c021000-7f0390000000 ---p 00000000 00:00 0 
7f0390000000-7f0390021000 rw-p 00000000 00:00 0 
7f0390021000-7f0394000000 ---p 00000000 00:00 0 
7f0394000000-7f0394021000 rw-p 00000000 00:00 0 
7f0394021000-7f0398000000 ---p 00000000 00:00 0 
7f0398000000-7f0398021000 rw-p 00000000 00:00 0 
7f0398021000-7f039c000000 ---p 00000000 00:00 0 
7f039c000000-7f039c021000 rw-p 00000000 00:00 0 
7f039c021000-7f03a0000000 ---p 00000000 00:00 0 
7f03a0000000-7f03a0021000 rw-p 00000000 00:00 0 
7f03a0021000-7f03a4000000 ---p 00000000 00:00 0 
7f03a4000000-7f03a405d000 rw-p 00000000 00:00 0 
7f03a405d000-7f03a8000000 ---p 00000000 00:00 0 
7f03a8000000-7f03a8004000 ---p 00000000 00:00 0 
7f03a8004000-7f03a8100000 rw-p 00000000 00:00 0 
7f03a8100000-7f03a8104000 ---p 00000000 00:00 0 
7f03a8104000-7f03a8200000 rw-p 00000000 00:00 0 
7f03a8200000-7f03a8204000 ---p 00000000 00:00 0 
7f03a8204000-7f03a8300000 rw-p 00000000 00:00 0 
7f03a8400000-7f03a8404000 ---p 00000000 00:00 0 
7f03a8404000-7f03a8500000 rw-p 00000000 00:00 0 
7f03a8500000-7f03a8504000 ---p 00000000 00:00 0 
7f03a8504000-7f03a8600000 rw-p 00000000 00:00 0 
7f03a8600000-7f03a8604000 ---p 00000000 00:00 0 
7f03a8604000-7f03a8700000 rw-p 00000000 00:00 0 
7f03a8700000-7f03a8704000 ---p 00000000 00:00 0 
7f03a8704000-7f03a8800000 rw-p 00000000 00:00 0 
7f03a8800000-7f03a8804000 ---p 00000000 00:00 0 
7f03a8804000-7f03a8900000 rw-p 00000000 00:00 0 
7f03a8900000-7f03a8904000 ---p 00000000 00:00 0 
7f03a8904000-7f03a8a00000 rw-p 00000000 00:00 0 
7f03a8a00000-7f03a8a04000 ---p 00000000 00:00 0 
7f03a8a04000-7f03a8b00000 rw-p 00000000 00:00 0 
7f03a8c00000-7f03a8c04000 ---p 00000000 00:00 0 
7f03a8c04000-7f03a8d00000 rw-p 00000000 00:00 0 
7f03a8d00000-7f03a8d04000 ---p 00000000 00:00 0 
7f03a8d04000-7f03a8e00000 rw-p 00000000 00:00 0 
7f03a8e00000-7f03a8e04000 ---p 00000000 00:00 0 
7f03a8e04000-7f03a8f00000 rw-p 00000000 00:00 0 
7f03a8fbd000-7f03a90fe000 rw-p 00000000 00:00 0 
7f03a90fe000-7f03a90ff000 ---p 00000000 00:00 0 
7f03a90ff000-7f03a9200000 rw-p 00000000 00:00 0 
7f03a9200000-7f03a9204000 ---p 00000000 00:00 0 
7f03a9204000-7f03a9300000 rw-p 00000000 00:00 0 
7f03a9300000-7f03a9304000 ---p 00000000 00:00 0 
7f03a9304000-7f03a9400000 rw-p 00000000 00:00 0 
7f03a9400000-7f03a9404000 ---p 00000000 00:00 0 
7f03a9404000-7f03a9500000 rw-p 00000000 00:00 0 
7f03a9500000-7f03a9504000 ---p 00000000 00:00 0 
7f03a9504000-7f03a9700000 rw-p 00000000 00:00 0 
7f03a9700000-7f03a9704000 ---p 00000000 00:00 0 
7f03a9704000-7f03a9900000 rw-p 00000000 00:00 0 
7f03a9900000-7f03a9904000 ---p 00000000 00:00 0 
7f03a9904000-7f03a9a00000 rw-p 00000000 00:00 0 
7f03a9a00000-7f03a9a04000 ---p 00000000 00:00 0 
7f03a9a04000-7f03a9b00000 rw-p 00000000 00:00 0 
7f03a9b00000-7f03a9b04000 ---p 00000000 00:00 0 
7f03a9b04000-7f03aa000000 rw-p 00000000 00:00 0 
7f03aa000000-7f03aa1e0000 rw-p 00000000 00:00 0 
7f03aa1e0000-7f03aa200000 rw-p 00000000 00:00 0 
7f03aa200000-7f03aa300000 rw-p 00000000 00:00 0 
7f03aa300000-7f03aa400000 rw-p 00000000 00:00 0 
7f03aa4b3000-7f03ab4b3000 rw-p 00000000 00:00 0 
7f03ab4b3000-7f03ab723000 rwxp 00000000 00:00 0 
7f03ab723000-7f03aba42000 ---p 00000000 00:00 0 
7f03aba42000-7f03acb72000 rwxp 00000000 00:00 0 
7f03acb72000-7f03b2f7a000 ---p 00000000 00:00 0 
7f03b2f7a000-7f03b31fa000 rwxp 00000000 00:00 0 
7f03b31fa000-7f03ba4b3000 ---p 00000000 00:00 0 
7f03ba4b3000-7f03c4000000 r--s 00000000 00:f33 4611686019135192581       /nix/store/gpxl5qgg8kicmcvivwmybwjlpf7wh20l-graalvm17-ce-22.3.0/lib/modules
7f03c4000000-7f03c4607000 rw-p 00000000 00:00 0 
7f03c4607000-7f03c8000000 ---p 00000000 00:00 0 
7f03c8028000-7f03c802a000 r-xp 00000000 00:f33 4611686019135190017       /nix/store/gpxl5qgg8kicmcvivwmybwjlpf7wh20l-graalvm17-ce-22.3.0/lib/libextnet.so
7f03c802a000-7f03c802b000 r--p 00001000 00:f33 4611686019135190017       /nix/store/gpxl5qgg8kicmcvivwmybwjlpf7wh20l-graalvm17-ce-22.3.0/lib/libextnet.so
7f03c802b000-7f03c802c000 rw-p 00002000 00:f33 4611686019135190017       /nix/store/gpxl5qgg8kicmcvivwmybwjlpf7wh20l-graalvm17-ce-22.3.0/lib/libextnet.so
7f03c802c000-7f03c802d000 rw-p 00004000 00:f33 4611686019135190017       /nix/store/gpxl5qgg8kicmcvivwmybwjlpf7wh20l-graalvm17-ce-22.3.0/lib/libextnet.so
7f03c802d000-7f03c8031000 ---p 00000000 00:00 0 
7f03c8031000-7f03c804f000 rw-p 00000000 00:00 0 
7f03c804f000-7f03c8056000 r-xp 00000000 00:f33 4611686019135192580       /nix/store/gpxl5qgg8kicmcvivwmybwjlpf7wh20l-graalvm17-ce-22.3.0/lib/libzip.so
7f03c8056000-7f03c8057000 ---p 00007000 00:f33 4611686019135192580       /nix/store/gpxl5qgg8kicmcvivwmybwjlpf7wh20l-graalvm17-ce-22.3.0/lib/libzip.so
7f03c8057000-7f03c8058000 r--p 00007000 00:f33 4611686019135192580       /nix/store/gpxl5qgg8kicmcvivwmybwjlpf7wh20l-graalvm17-ce-22.3.0/lib/libzip.so
7f03c8058000-7f03c8059000 rw-p 00008000 00:f33 4611686019135192580       /nix/store/gpxl5qgg8kicmcvivwmybwjlpf7wh20l-graalvm17-ce-22.3.0/lib/libzip.so
7f03c8059000-7f03c805b000 rw-p 0000b000 00:f33 4611686019135192580       /nix/store/gpxl5qgg8kicmcvivwmybwjlpf7wh20l-graalvm17-ce-22.3.0/lib/libzip.so
7f03c805b000-7f03c8070000 r-xp 00000000 00:f33 4611686019135192570       /nix/store/gpxl5qgg8kicmcvivwmybwjlpf7wh20l-graalvm17-ce-22.3.0/lib/libnet.so
7f03c8070000-7f03c8071000 ---p 00015000 00:f33 4611686019135192570       /nix/store/gpxl5qgg8kicmcvivwmybwjlpf7wh20l-graalvm17-ce-22.3.0/lib/libnet.so
7f03c8071000-7f03c8072000 r--p 00015000 00:f33 4611686019135192570       /nix/store/gpxl5qgg8kicmcvivwmybwjlpf7wh20l-graalvm17-ce-22.3.0/lib/libnet.so
7f03c8072000-7f03c8073000 rw-p 00016000 00:f33 4611686019135192570       /nix/store/gpxl5qgg8kicmcvivwmybwjlpf7wh20l-graalvm17-ce-22.3.0/lib/libnet.so
7f03c8073000-7f03c8076000 rw-p 0001b000 00:f33 4611686019135192570       /nix/store/gpxl5qgg8kicmcvivwmybwjlpf7wh20l-graalvm17-ce-22.3.0/lib/libnet.so
7f03c8076000-7f03c8089000 r-xp 00000000 00:f33 4611686019135192571       /nix/store/gpxl5qgg8kicmcvivwmybwjlpf7wh20l-graalvm17-ce-22.3.0/lib/libnio.so
7f03c8089000-7f03c808a000 r--p 00012000 00:f33 4611686019135192571       /nix/store/gpxl5qgg8kicmcvivwmybwjlpf7wh20l-graalvm17-ce-22.3.0/lib/libnio.so
7f03c808a000-7f03c808b000 rw-p 00013000 00:f33 4611686019135192571       /nix/store/gpxl5qgg8kicmcvivwmybwjlpf7wh20l-graalvm17-ce-22.3.0/lib/libnio.so
7f03c808b000-7f03c8090000 rw-p 00019000 00:f33 4611686019135192571       /nix/store/gpxl5qgg8kicmcvivwmybwjlpf7wh20l-graalvm17-ce-22.3.0/lib/libnio.so
7f03c8090000-7f03c8376000 r--p 00000000 00:179e 28444448                 /usr/lib/locale/locale-archive
7f03c8376000-7f03c837a000 ---p 00000000 00:00 0 
7f03c837a000-7f03c8476000 rw-p 00000000 00:00 0 
7f03c8476000-7f03c847a000 ---p 00000000 00:00 0 
7f03c847a000-7f03c8576000 rw-p 00000000 00:00 0 
7f03c8576000-7f03c8577000 ---p 00000000 00:00 0 
7f03c8577000-7f03c8678000 rw-p 00000000 00:00 0 
7f03c8678000-7f03c8746000 r-xp 00000000 00:f33 4611686019135190036       /nix/store/gpxl5qgg8kicmcvivwmybwjlpf7wh20l-graalvm17-ce-22.3.0/lib/libjsvml.so
7f03c8746000-7f03c8747000 r--p 000cd000 00:f33 4611686019135190036       /nix/store/gpxl5qgg8kicmcvivwmybwjlpf7wh20l-graalvm17-ce-22.3.0/lib/libjsvml.so
7f03c8747000-7f03c8748000 rw-p 000ce000 00:f33 4611686019135190036       /nix/store/gpxl5qgg8kicmcvivwmybwjlpf7wh20l-graalvm17-ce-22.3.0/lib/libjsvml.so
7f03c8748000-7f03c9020000 rw-p 00000000 00:00 0 
7f03c9020000-7f03c9021000 ---p 00000000 00:00 0 
7f03c9021000-7f03c91cc000 rw-p 00000000 00:00 0 
7f03c91cc000-7f03c91df000 rw-p 00000000 00:00 0 
7f03c91df000-7f03c9222000 ---p 00000000 00:00 0 
7f03c9222000-7f03c9228000 rw-p 00000000 00:00 0 
7f03c9228000-7f03c930e000 ---p 00000000 00:00 0 
7f03c930e000-7f03c9331000 rw-p 00000000 00:00 0 
7f03c9331000-7f03c93f9000 ---p 00000000 00:00 0 
7f03c93f9000-7f03c93fe000 rw-p 00000000 00:00 0 
7f03c93fe000-7f03c9405000 ---p 00000000 00:00 0 
7f03c9405000-7f03c9429000 r-xp 00000000 00:f33 4611686019135190028       /nix/store/gpxl5qgg8kicmcvivwmybwjlpf7wh20l-graalvm17-ce-22.3.0/lib/libjava.so
7f03c9429000-7f03c942a000 ---p 00024000 00:f33 4611686019135190028       /nix/store/gpxl5qgg8kicmcvivwmybwjlpf7wh20l-graalvm17-ce-22.3.0/lib/libjava.so
7f03c942a000-7f03c942b000 r--p 00024000 00:f33 4611686019135190028       /nix/store/gpxl5qgg8kicmcvivwmybwjlpf7wh20l-graalvm17-ce-22.3.0/lib/libjava.so
7f03c942b000-7f03c942c000 rw-p 00025000 00:f33 4611686019135190028       /nix/store/gpxl5qgg8kicmcvivwmybwjlpf7wh20l-graalvm17-ce-22.3.0/lib/libjava.so
7f03c942c000-7f03c942d000 rw-p 00000000 00:00 0 
7f03c942d000-7f03c9434000 rw-p 0002f000 00:f33 4611686019135190028       /nix/store/gpxl5qgg8kicmcvivwmybwjlpf7wh20l-graalvm17-ce-22.3.0/lib/libjava.so
7f03c9434000-7f03c943c000 rw-s 00000000 00:27d 352                       /tmp/hsperfdata_runner/29
7f03c943c000-7f03c943d000 ---p 00000000 00:00 0 
7f03c943d000-7f03c943e000 r--p 00000000 00:00 0 
7f03c943e000-7f03c943f000 rwxp 00000000 00:00 0 
7f03c943f000-7f03c945a000 r-xp 00000000 00:f33 4611686019135190032       /nix/store/gpxl5qgg8kicmcvivwmybwjlpf7wh20l-graalvm17-ce-22.3.0/lib/libjimage.so
7f03c945a000-7f03c945b000 ---p 0001b000 00:f33 4611686019135190032       /nix/store/gpxl5qgg8kicmcvivwmybwjlpf7wh20l-graalvm17-ce-22.3.0/lib/libjimage.so
7f03c945b000-7f03c945d000 r--p 0001b000 00:f33 4611686019135190032       /nix/store/gpxl5qgg8kicmcvivwmybwjlpf7wh20l-graalvm17-ce-22.3.0/lib/libjimage.so
7f03c945d000-7f03c945e000 rw-p 0001d000 00:f33 4611686019135190032       /nix/store/gpxl5qgg8kicmcvivwmybwjlpf7wh20l-graalvm17-ce-22.3.0/lib/libjimage.so
7f03c945e000-7f03c945f000 rw-p 00024000 00:f33 4611686019135190032       /nix/store/gpxl5qgg8kicmcvivwmybwjlpf7wh20l-graalvm17-ce-22.3.0/lib/libjimage.so
7f03c945f000-7f03c9463000 ---p 00000000 00:00 0 
7f03c9463000-7f03c955f000 rw-p 00000000 00:00 0 
7f03c955f000-7f03c956d000 r--p 00000000 00:f33 4611686019027979927       /nix/store/4nlgxhb09sdr51nc9hdm8az5b08vzkgx-glibc-2.35-163/lib/libm.so.6
7f03c956d000-7f03c95e0000 r-xp 0000e000 00:f33 4611686019027979927       /nix/store/4nlgxhb09sdr51nc9hdm8az5b08vzkgx-glibc-2.35-163/lib/libm.so.6
7f03c95e0000-7f03c963d000 r--p 00081000 00:f33 4611686019027979927       /nix/store/4nlgxhb09sdr51nc9hdm8az5b08vzkgx-glibc-2.35-163/lib/libm.so.6
7f03c963d000-7f03c963e000 r--p 000dd000 00:f33 4611686019027979927       /nix/store/4nlgxhb09sdr51nc9hdm8az5b08vzkgx-glibc-2.35-163/lib/libm.so.6
7f03c963e000-7f03c963f000 rw-p 000de000 00:f33 4611686019027979927       /nix/store/4nlgxhb09sdr51nc9hdm8az5b08vzkgx-glibc-2.35-163/lib/libm.so.6
7f03c963f000-7f03c9640000 r--p 00000000 00:f33 4611686019027979946       /nix/store/4nlgxhb09sdr51nc9hdm8az5b08vzkgx-glibc-2.35-163/lib/librt.so.1
7f03c9640000-7f03c9641000 r-xp 00001000 00:f33 4611686019027979946       /nix/store/4nlgxhb09sdr51nc9hdm8az5b08vzkgx-glibc-2.35-163/lib/librt.so.1
7f03c9641000-7f03c9642000 r--p 00002000 00:f33 4611686019027979946       /nix/store/4nlgxhb09sdr51nc9hdm8az5b08vzkgx-glibc-2.35-163/lib/librt.so.1
7f03c9642000-7f03c9643000 r--p 00002000 00:f33 4611686019027979946       /nix/store/4nlgxhb09sdr51nc9hdm8az5b08vzkgx-glibc-2.35-163/lib/librt.so.1
7f03c9643000-7f03c9644000 rw-p 00003000 00:f33 4611686019027979946       /nix/store/4nlgxhb09sdr51nc9hdm8az5b08vzkgx-glibc-2.35-163/lib/librt.so.1
7f03c9644000-7f03ca757000 r-xp 00000000 00:f33 4611686019135360866       /nix/store/gpxl5qgg8kicmcvivwmybwjlpf7wh20l-graalvm17-ce-22.3.0/lib/server/libjvm.so
7f03ca757000-7f03ca758000 ---p 01113000 00:f33 4611686019135360866       /nix/store/gpxl5qgg8kicmcvivwmybwjlpf7wh20l-graalvm17-ce-22.3.0/lib/server/libjvm.so
7f03ca758000-7f03ca80d000 r--p 01113000 00:f33 4611686019135360866       /nix/store/gpxl5qgg8kicmcvivwmybwjlpf7wh20l-graalvm17-ce-22.3.0/lib/server/libjvm.so
7f03ca80d000-7f03ca841000 rw-p 011c8000 00:f33 4611686019135360866       /nix/store/gpxl5qgg8kicmcvivwmybwjlpf7wh20l-graalvm17-ce-22.3.0/lib/server/libjvm.so
7f03ca841000-7f03ca89d000 rw-p 00000000 00:00 0 
7f03ca89d000-7f03ca8c5000 r--p 00000000 00:f33 4611686019027979918       /nix/store/4nlgxhb09sdr51nc9hdm8az5b08vzkgx-glibc-2.35-163/lib/libc.so.6
7f03ca8c5000-7f03caa3b000 r-xp 00028000 00:f33 4611686019027979918       /nix/store/4nlgxhb09sdr51nc9hdm8az5b08vzkgx-glibc-2.35-163/lib/libc.so.6
7f03caa3b000-7f03caa93000 r--p 0019e000 00:f33 4611686019027979918       /nix/store/4nlgxhb09sdr51nc9hdm8az5b08vzkgx-glibc-2.35-163/lib/libc.so.6
7f03caa93000-7f03caa97000 r--p 001f6000 00:f33 4611686019027979918       /nix/store/4nlgxhb09sdr51nc9hdm8az5b08vzkgx-glibc-2.35-163/lib/libc.so.6
7f03caa97000-7f03caa99000 rw-p 001fa000 00:f33 4611686019027979918       /nix/store/4nlgxhb09sdr51nc9hdm8az5b08vzkgx-glibc-2.35-163/lib/libc.so.6
7f03caa99000-7f03caaa8000 rw-p 00000000 00:00 0 
7f03caaa8000-7f03caaa9000 r--p 00000000 00:f33 4611686019027979923       /nix/store/4nlgxhb09sdr51nc9hdm8az5b08vzkgx-glibc-2.35-163/lib/libdl.so.2
7f03caaa9000-7f03caaaa000 r-xp 00001000 00:f33 4611686019027979923       /nix/store/4nlgxhb09sdr51nc9hdm8az5b08vzkgx-glibc-2.35-163/lib/libdl.so.2
7f03caaaa000-7f03caaab000 r--p 00002000 00:f33 4611686019027979923       /nix/store/4nlgxhb09sdr51nc9hdm8az5b08vzkgx-glibc-2.35-163/lib/libdl.so.2
7f03caaab000-7f03caaac000 r--p 00002000 00:f33 4611686019027979923       /nix/store/4nlgxhb09sdr51nc9hdm8az5b08vzkgx-glibc-2.35-163/lib/libdl.so.2
7f03caaac000-7f03caaad000 rw-p 00003000 00:f33 4611686019027979923       /nix/store/4nlgxhb09sdr51nc9hdm8az5b08vzkgx-glibc-2.35-163/lib/libdl.so.2
7f03caaad000-7f03caaae000 r--p 00000000 00:f33 4611686019027979942       /nix/store/4nlgxhb09sdr51nc9hdm8az5b08vzkgx-glibc-2.35-163/lib/libpthread.so.0
7f03caaae000-7f03caaaf000 r-xp 00001000 00:f33 4611686019027979942       /nix/store/4nlgxhb09sdr51nc9hdm8az5b08vzkgx-glibc-2.35-163/lib/libpthread.so.0
7f03caaaf000-7f03caab0000 r--p 00002000 00:f33 4611686019027979942       /nix/store/4nlgxhb09sdr51nc9hdm8az5b08vzkgx-glibc-2.35-163/lib/libpthread.so.0
7f03caab0000-7f03caab1000 r--p 00002000 00:f33 4611686019027979942       /nix/store/4nlgxhb09sdr51nc9hdm8az5b08vzkgx-glibc-2.35-163/lib/libpthread.so.0
7f03caab1000-7f03caab2000 rw-p 00003000 00:f33 4611686019027979942       /nix/store/4nlgxhb09sdr51nc9hdm8az5b08vzkgx-glibc-2.35-163/lib/libpthread.so.0
7f03caab2000-7f03caac0000 r-xp 00000000 00:f33 4611686019135190033       /nix/store/gpxl5qgg8kicmcvivwmybwjlpf7wh20l-graalvm17-ce-22.3.0/lib/libjli.so
7f03caac0000-7f03caac1000 ---p 0000e000 00:f33 4611686019135190033       /nix/store/gpxl5qgg8kicmcvivwmybwjlpf7wh20l-graalvm17-ce-22.3.0/lib/libjli.so
7f03caac1000-7f03caac2000 r--p 0000e000 00:f33 4611686019135190033       /nix/store/gpxl5qgg8kicmcvivwmybwjlpf7wh20l-graalvm17-ce-22.3.0/lib/libjli.so
7f03caac2000-7f03caac3000 rw-p 0000f000 00:f33 4611686019135190033       /nix/store/gpxl5qgg8kicmcvivwmybwjlpf7wh20l-graalvm17-ce-22.3.0/lib/libjli.so
7f03caac3000-7f03caac4000 rw-p 00012000 00:f33 4611686019135190033       /nix/store/gpxl5qgg8kicmcvivwmybwjlpf7wh20l-graalvm17-ce-22.3.0/lib/libjli.so
7f03caac4000-7f03caac7000 r--p 00000000 00:f33 4611686019106210071       /nix/store/026hln0aq1hyshaxsdvhg0kmcm6yf45r-zlib-1.2.13/lib/libz.so.1.2.13
7f03caac7000-7f03caad9000 r-xp 00003000 00:f33 4611686019106210071       /nix/store/026hln0aq1hyshaxsdvhg0kmcm6yf45r-zlib-1.2.13/lib/libz.so.1.2.13
7f03caad9000-7f03caae0000 r--p 00015000 00:f33 4611686019106210071       /nix/store/026hln0aq1hyshaxsdvhg0kmcm6yf45r-zlib-1.2.13/lib/libz.so.1.2.13
7f03caae0000-7f03caae1000 r--p 0001b000 00:f33 4611686019106210071       /nix/store/026hln0aq1hyshaxsdvhg0kmcm6yf45r-zlib-1.2.13/lib/libz.so.1.2.13
7f03caae1000-7f03caae2000 rw-p 0001c000 00:f33 4611686019106210071       /nix/store/026hln0aq1hyshaxsdvhg0kmcm6yf45r-zlib-1.2.13/lib/libz.so.1.2.13
7f03caae2000-7f03caae4000 rw-p 00000000 00:00 0 
7f03caae4000-7f03caae6000 r--p 00000000 00:f33 4611686019027979912       /nix/store/4nlgxhb09sdr51nc9hdm8az5b08vzkgx-glibc-2.35-163/lib/ld-linux-x86-64.so.2
7f03caae6000-7f03cab0d000 r-xp 00002000 00:f33 4611686019027979912       /nix/store/4nlgxhb09sdr51nc9hdm8az5b08vzkgx-glibc-2.35-163/lib/ld-linux-x86-64.so.2
7f03cab0d000-7f03cab19000 r--p 00029000 00:f33 4611686019027979912       /nix/store/4nlgxhb09sdr51nc9hdm8az5b08vzkgx-glibc-2.35-163/lib/ld-linux-x86-64.so.2
7f03cab19000-7f03cab1b000 r--p 00034000 00:f33 4611686019027979912       /nix/store/4nlgxhb09sdr51nc9hdm8az5b08vzkgx-glibc-2.35-163/lib/ld-linux-x86-64.so.2
7f03cab1b000-7f03cab1d000 rw-p 00036000 00:f33 4611686019027979912       /nix/store/4nlgxhb09sdr51nc9hdm8az5b08vzkgx-glibc-2.35-163/lib/ld-linux-x86-64.so.2
7ffe92b6f000-7ffe92b93000 rw-p 00000000 00:00 0                          [stack]
7ffe92bc6000-7ffe92bca000 r--p 00000000 00:00 0                          [vvar]
7ffe92bca000-7ffe92bcc000 r-xp 00000000 00:00 0                          [vdso]
ffffffffff600000-ffffffffff601000 --xp 00000000 00:00 0                  [vsyscall]


VM Arguments:
jvm_args: -XX:ThreadPriorityPolicy=1 -XX:+UnlockExperimentalVMOptions -XX:+EnableJVMCIProduct -XX:JVMCIThreadsPerNativeLibraryRuntime=1 -XX:-UnlockExperimentalVMOptions -Declipse.application=org.eclipse.jdt.ls.core.id1 -Dosgi.bundles.defaultStartLevel=4 -Declipse.product=org.eclipse.jdt.ls.core.product -Dlog.level=ALL -Xverify:none -XX:+UseParallelGC -XX:GCTimeRatio=4 -XX:AdaptiveSizePolicyWeight=90 -Dsun.zip.disableMemoryMapping=true -Xmx512m -Xms100m 
java_command: /nix/store/m6gcpi1ii6rghy04cjwjddcavv7i90df-jdt-language-server-1.9.0/share/java/plugins/org.eclipse.equinox.launcher_1.6.400.v20210924-0641.jar --add-modules=ALL-SYSTEM --add-opens java.base/java.util=ALL-UNNAMED --add-opens java.base/java.lang=ALL-UNNAMED -configuration /home/runner/.cache/jdt-language-server/config -data /home/runner/.cache/jdt-language-server/data/home/runner/test
java_class_path (initial): /nix/store/m6gcpi1ii6rghy04cjwjddcavv7i90df-jdt-language-server-1.9.0/share/java/plugins/org.eclipse.equinox.launcher_1.6.400.v20210924-0641.jar
Launcher Type: SUN_STANDARD

[Global flags]
    uintx AdaptiveSizePolicyWeight                 = 90                                        {product} {command line}
     intx CICompilerCount                          = 2                                         {product} {ergonomic}
     bool EnableJVMCIProduct                       = true                                {JVMCI product} {jimage}
    uintx GCTimeRatio                              = 4                                         {product} {command line}
   size_t InitialHeapSize                          = 104857600                                 {product} {command line}
     uint JVMCIThreadsPerNativeLibraryRuntime      = 1                                   {JVMCI product} {jimage}
   size_t MaxHeapSize                              = 536870912                                 {product} {command line}
   size_t MaxNewSize                               = 178782208                                 {product} {ergonomic}
   size_t MinHeapDeltaBytes                        = 524288                                    {product} {ergonomic}
   size_t MinHeapSize                              = 104857600                                 {product} {command line}
   size_t NewSize                                  = 34603008                                  {product} {ergonomic}
    uintx NonNMethodCodeHeapSize                   = 5826188                                {pd product} {ergonomic}
    uintx NonProfiledCodeHeapSize                  = 122916026                              {pd product} {ergonomic}
   size_t OldSize                                  = 70254592                                  {product} {ergonomic}
    uintx ProfiledCodeHeapSize                     = 122916026                              {pd product} {ergonomic}
    uintx ReservedCodeCacheSize                    = 251658240                              {pd product} {ergonomic}
     bool SegmentedCodeCache                       = true                                      {product} {ergonomic}
   size_t SoftMaxHeapSize                          = 536870912                              {manageable} {ergonomic}
     intx ThreadPriorityPolicy                     = 1                                         {product} {jimage}
     bool UseCompressedClassPointers               = true                           {product lp64_product} {ergonomic}
     bool UseCompressedOops                        = true                           {product lp64_product} {ergonomic}
     bool UseParallelGC                            = true                                      {product} {command line}

Logging:
Log output configuration:
 #0: stdout all=warning uptime,level,tags
 #1: stderr all=off uptime,level,tags

Environment Variables:
JAVA_HOME=/nix/store/gpxl5qgg8kicmcvivwmybwjlpf7wh20l-graalvm17-ce-22.3.0
PATH=/nix/store/1d6ian3r8kdzspw8hacjhl3xkp40g1lj-binutils-wrapper-2.39/bin:/nix/store/dq0xwmsk1g0i2ayg6pb7y87na2knzylh-gcc-wrapper-11.3.0/bin:/nix/store/bap4d0lpcrhpwmpb8ayjcgkmvfj62lnq-bash-interactive-5.1-p16/bin:/nix/store/pr5n59mb4jzmfx6kanwxly0l07p861fg-patchelf-0.15.0/bin:/nix/store/1gf2flfqnpqbr1b4p4qz2f72y42bs56r-gcc-11.3.0/bin:/nix/store/57xv61c5zi8pphjbcwxxjlgc34p61ic9-glibc-2.35-163-bin/bin:/nix/store/a7gvj343m05j2s32xcnwr35v31ynlypr-coreutils-9.1/bin:/nix/store/039g378vc3pc3dvi9dzdlrd0i4q93qwf-binutils-2.39/bin:/nix/store/gpxl5qgg8kicmcvivwmybwjlpf7wh20l-graalvm17-ce-22.3.0/bin:/nix/store/6z9ag3ihc8mq2hzsw48lhbznvzny65nz-apache-maven-3.8.6/bin:/nix/store/m6gcpi1ii6rghy04cjwjddcavv7i90df-jdt-language-server-1.9.0/bin:/nix/store/84xs5alhs01zrbr4ywm05kxbjbp5590l-java-debug/bin:/nix/store/mydc6f4k2z73xlcz7ilif3v2lcaiqvza-findutils-4.9.0/bin:/nix/store/j9p3g8472iijd50vhdprx0nmk2fqn5gv-diffutils-3.8/bin:/nix/store/89zs7rms6x00xfq4dq6m7mjnhkr8a6r4-gnused-4.8/bin:/nix/store/86bp03jkmsl6f92w0yzg4s59g5mhxwmy-gnugrep-3.7/bin:/nix/store/hwcdqw4jrjnd37wxqgsd47hd0j8bnj09-gawk-5.1.1/bin:/nix/store/cfbhw8r8ags41vwqaz47r583d0p4h4a1-gnutar-1.34/bin:/nix/store/p3m1ndl1lapwrlh698bnb5lvvxh67378-gzip-1.12/bin:/nix/store/a8mhcagrsly7c7mpjrpsnaahk4aax056-bzip2-1.0.8-bin/bin:/nix/store/mblgz65m3zv9x548a3d5m96fj2pbwr09-gnumake-4.3/bin:/nix/store/dsd5gz46hdbdk2rfdimqddhq6m8m8fqs-bash-5.1-p16/bin:/nix/store/v7ljksji50mg3w61dykaa3n3y79n6nil-patch-2.7.6/bin:/nix/store/zlcnmqq14jz5x9439jf937mvayyl63da-xz-5.2.7-bin/bin:/nix/store/y6aj732zm9m87c82fpvf103a1xb22blp-file-5.43/bin:/nix/store/sgqd0ajghcv2axfl1lad0b1alyavp0dc-prybar-elisp-0.0.0-67f7a00/bin:/nix/store/p3hsvljpgs68jqwar41lc0jqhjj734lf-prybar-lua-0.0.0-67f7a00/bin:/nix/store/qzxs2gybds3s9kb1vkaflpgm2nwr85fh-prybar-python3-0.0.0-67f7a00/bin:/nix/store/km94z9mxp8w4m8gxxp5mbfpdf3nkfvd8-prybar-sqlite-0.0.0-67f7a00/bin:/nix/store/2pnc7b76asw0z59c4l6h6qy8arwqrii1-prybar-tcl-0.0.0-67f7a00/bin:/nix/store/hpbvrlwd5viqmvcaisb3x0118i913a9n-st
LD_LIBRARY_PATH=/nix/store/a4pff549sk2idnkpzk5nsfps3mdkdnvm-cups-2.4.2-lib/lib:/nix/store/72mqxxhh3cy5yifh92wh2yb8cl2hikyy-cairo-1.16.0/lib:/nix/store/2k366jrbsra97gjfxwvrhvixjfxdach5-glib-2.74.1/lib:/nix/store/2j2znigd8ak37rlwh9khz0ry3clqlw1l-gtk+3-3.24.34/lib:/nix/store/hisqvx32cd57apbpcsnkpx6k3549wql1-libglvnd-1.4.0/lib:/nix/store/p36pgcv991mq5srvg765b78yqpxvk3qs-mesa-21.3.3-drivers/lib:/nix/store/mav4251if1ahjq5vkpwycyyvnmy459c4-pulseaudio-14.2/lib
DISPLAY=:0
LANG=en_US.UTF-8

Signal Handlers:
   SIGSEGV: crash_handler in libjvm.so, mask=11100100010111111101111111111110, flags=SA_RESTART|SA_SIGINFO
    SIGBUS: crash_handler in libjvm.so, mask=11100100010111111101111111111110, flags=SA_RESTART|SA_SIGINFO
    SIGFPE: crash_handler in libjvm.so, mask=11100100010111111101111111111110, flags=SA_RESTART|SA_SIGINFO
   SIGPIPE: IsolateEnterStub_IgnoreSIGPIPEStartupHook_noopSignalHandler_8f19bff2f35b5f630d83b364d6b2339320d4ec70_216e8361c6bc87a8f89f58cc10d3b2fd4415bf87 in libjvmcicompiler.so, mask=00000000000000000000000000000000, flags=SA_RESTART
  *** Handler was modified!
  *** Expected: javaSignalHandler in libjvm.so, mask=11100100110111111111111111111110, flags=SA_RESTART|SA_SIGINFO
   SIGXFSZ: javaSignalHandler in libjvm.so, mask=11100100010111111101111111111110, flags=SA_RESTART|SA_SIGINFO
    SIGILL: crash_handler in libjvm.so, mask=11100100010111111101111111111110, flags=SA_RESTART|SA_SIGINFO
   SIGUSR2: SR_handler in libjvm.so, mask=00000000000000000000000000000000, flags=SA_RESTART|SA_SIGINFO
    SIGHUP: UserHandler in libjvm.so, mask=11100100010111111101111111111110, flags=SA_RESTART|SA_SIGINFO
    SIGINT: UserHandler in libjvm.so, mask=11100100010111111101111111111110, flags=SA_RESTART|SA_SIGINFO
   SIGTERM: UserHandler in libjvm.so, mask=11100100010111111101111111111110, flags=SA_RESTART|SA_SIGINFO
   SIGQUIT: UserHandler in libjvm.so, mask=11100100010111111101111111111110, flags=SA_RESTART|SA_SIGINFO
  *** Handler was modified!
  *** Expected: javaSignalHandler in libjvm.so, mask=11100100110111111111111111111110, flags=SA_RESTART|SA_SIGINFO
   SIGTRAP: crash_handler in libjvm.so, mask=11100100010111111101111111111110, flags=SA_RESTART|SA_SIGINFO


---------------  S Y S T E M  ---------------

OS:
DISTRIB_ID=Ubuntu
DISTRIB_RELEASE=20.04
DISTRIB_CODENAME=focal
DISTRIB_DESCRIPTION="Ubuntu 20.04.2 LTS"
uname: Linux 5.15.0-1029-gcp #36~20.04.1-Ubuntu SMP Tue Jan 24 16:54:15 UTC 2023 x86_64
OS uptime: 0 days 4:38 hours
libc: glibc 2.35 NPTL 2.35 
rlimit (soft/hard): STACK 8192k/infinity , CORE infinity/infinity , NPROC infinity/infinity , NOFILE 5242/5242 , AS infinity/infinity , CPU infinity/infinity , DATA infinity/infinity , FSIZE infinity/infinity , MEMLOCK 64k/64k
load average: 48.27 27.63 30.57

/proc/meminfo:
MemTotal:       65852724 kB
MemFree:        30605392 kB
MemAvailable:   48603584 kB
Buffers:         1871096 kB
Cached:         15164064 kB
SwapCached:            0 kB
Active:          7625092 kB
Inactive:       24154852 kB
Active(anon):      14232 kB
Inactive(anon): 14431228 kB
Active(file):    7610860 kB
Inactive(file):  9723624 kB
Unevictable:       42580 kB
Mlocked:           42580 kB
SwapTotal:             0 kB
SwapFree:              0 kB
Dirty:             11784 kB
Writeback:             0 kB
AnonPages:      13895692 kB
Mapped:          1684120 kB
Shmem:             55172 kB
KReclaimable:    1390308 kB
Slab:            2526656 kB
SReclaimable:    1390308 kB
SUnreclaim:      1136348 kB
KernelStack:      397184 kB
PageTables:       153676 kB
NFS_Unstable:          0 kB
Bounce:                0 kB
WritebackTmp:          0 kB
CommitLimit:    32926360 kB
Committed_AS:   63356428 kB
VmallocTotal:   34359738367 kB
VmallocUsed:      432356 kB
VmallocChunk:          0 kB
Percpu:            54528 kB
HardwareCorrupted:     0 kB
AnonHugePages:    745472 kB
ShmemHugePages:        0 kB
ShmemPmdMapped:        0 kB
FileHugePages:         0 kB
FilePmdMapped:         0 kB
HugePages_Total:       0
HugePages_Free:        0
HugePages_Rsvd:        0
HugePages_Surp:        0
Hugepagesize:       2048 kB
Hugetlb:               0 kB
DirectMap4k:     3441472 kB
DirectMap2M:    36401152 kB
DirectMap1G:    29360128 kB

/sys/kernel/mm/transparent_hugepage/enabled: always [madvise] never
/sys/kernel/mm/transparent_hugepage/defrag (defrag/compaction efforts parameter): always defer defer+madvise [madvise] never

Process Memory:
Virtual Size: 5462652K (peak: 5522236K)
Resident Set Size: 726364K (peak: 760836K) (anon: 531196K, file: 195168K, shmem: 0K)
Swapped out: 0K
C-Heap outstanding allocations: 41912K, retained: 11499K
glibc malloc tunables: (default)

/proc/sys/kernel/threads-max (system-wide limit on the number of threads): 514406
/proc/sys/vm/max_map_count (maximum number of memory map areas a process may have): 65530
/proc/sys/kernel/pid_max (system-wide limit on number of process identifiers): 4194304

container (cgroup) information:
container_type: cgroupv1
cpu_cpuset_cpus: 2-7
cpu_memory_nodes: 0
active_processor_count: 1
cpu_quota: 50000
cpu_period: 100000
cpu_shares: 512
memory_limit_in_bytes: 1048576 k
memory_and_swap_limit_in_bytes: 1048576 k
memory_soft_limit_in_bytes: 524288 k
memory_usage_in_bytes: 575704 k
memory_max_usage_in_bytes: 622848 k
maximum number of tasks: 1000
current number of tasks: 51

KVM virtualization detected
Steal ticks since vm start: 0
Steal ticks percentage since vm start:  0.000

CPU: total 8 (initial active 1) (8 cores per cpu, 2 threads per core) family 23 model 49 stepping 0 microcode 0xffffffff, cx8, cmov, fxsr, ht, mmx, 3dnowpref, sse, sse2, sse3, ssse3, sse4a, sse4.1, sse4.2, popcnt, lzcnt, tsc, tscinvbit, avx, avx2, aes, clmul, bmi1, bmi2, adx, sha, fma, vzeroupper, clflush, clflushopt, hv
CPU Model and flags from /proc/cpuinfo:
model name	: AMD EPYC 7B12
flags		: fpu vme de pse tsc msr pae mce cx8 apic sep mtrr pge mca cmov pat pse36 clflush mmx fxsr sse sse2 ht syscall nx mmxext fxsr_opt pdpe1gb rdtscp lm constant_tsc rep_good nopl nonstop_tsc cpuid extd_apicid tsc_known_freq pni pclmulqdq ssse3 fma cx16 sse4_1 sse4_2 movbe popcnt aes xsave avx f16c rdrand hypervisor lahf_lm cmp_legacy cr8_legacy abm sse4a misalignsse 3dnowprefetch osvw topoext ssbd ibrs ibpb stibp vmmcall fsgsbase tsc_adjust bmi1 avx2 smep bmi2 rdseed adx smap clflushopt clwb sha_ni xsaveopt xsavec xgetbv1 clzero xsaveerptr arat npt nrip_save umip rdpid

Online cpus: 0-7
Offline cpus: 
BIOS frequency limitation: <Not Available>
Frequency switch latency (ns): <Not Available>
Available cpu frequencies: <Not Available>
Current governor: <Not Available>
Core performance/turbo boost: <Not Available>

Memory: 4k page, physical 1048576k(472868k free), swap 0k(0k free)
Page Sizes: 4k

vm_info: OpenJDK 64-Bit Server VM (17.0.5+8-jvmci-22.3-b08) for linux-amd64 JRE (17.0.5+8-jvmci-22.3-b08), built on Oct 19 2022 09:01:27 by "buildslave" with gcc 10.3.0

END.
